optimization of topology, BL and inheritance probabilities using:
 hmax = 4,
 tolerance parameters: ftolRel=1.0e-6, ftolAbs=1.0e-6,
                       xtolAbs=0.001, xtolRel=0.01.
 max number of failed proposals = 75, liktolAbs = 1.0e-6.
rootname for files: /mnt/ws/home/nkolbow/repos/snaq2/empirical-cui/condor/snaq_outputs/cui_net_4hyb
BEGIN: 10 runs on starting tree (Xbirchmanni_GARC,Xmalinche_CHIC2,(Xcortezi,((Xmontezumae,Xnezahuacoyotl):0.20483859110430347,(((Xcontinens,Xpygmaeus):2.2959965325402103,(Xnigrensis,Xmultilineatus):1.6589389246103243):2.3452393423437425,(((((((((Xgordoni,Xmeyeri):0.2712063807319495,Xcouchianus):4.202259055017044,Xvariatus):0.6972657181741981,Xevelynae):0.5671916883783797,Xmilleri):0.289866426483057,Xxiphidium):0.3867695113181988,Xandersi):0.42286001342299184,Xmaculatus):0.5990023321456063,((((Xalvarezi,Xmayae):0.4340043590214104,Xhellerii):0.3191339642737695,Xsignum):2.036358391777147,(Xclemenciae_F2,Xmonticolus):1.4456444494511218):0.9576249049350155):2.4117600894070255):0.47148136750609243):0.45190130744628526):0.9838760344084564);
       using 17 processors

main seed 42
seed: 42 for run 1
seed: 17357 for run 2
seed: 32166 for run 3
seed: 25858 for run 4
seed: 16643 for run 5
seed: 52701 for run 6
seed: 48302 for run 7
seed: 39066 for run 8
seed: 80276 for run 9
seed: 72198 for run 10

2024-05-01 0:34:35.492
MaxNet is (Xbirchmanni_GARC,Xmalinche_CHIC2,(((Xmontezumae,(Xnezahuacoyotl,#H33:::0.37732840449293376):9.9999939329067):0.3306563938716127,((((((Xclemenciae_F2,Xmonticolus):1.4524815811958813,(Xsignum,((Xmayae,Xalvarezi):0.31514108217299674,Xhellerii):0.2641987132235991):1.8729806969081975):0.8180466674367831,((((Xandersi,(Xmilleri,(((Xcouchianus,(Xmeyeri,Xgordoni):0.28336869011111804):3.514525444217218,Xvariatus):0.6077105651852961,(Xevelynae,(Xxiphidium)#H25:::0.5538144697888907):0.0):0.6416744532431076):0.5457466111276579):0.33015929745057465,#H25:::0.4461855302111093):0.07474050053547295)#H27:0.46428133177844116::0.790743447061608,Xmaculatus):1.2010171977685054):1.4051138991082925,#H27:2.3601231757058785::0.20925655293839193):1.4039736775960445,((Xcontinens,Xpygmaeus):1.9136270892984635,(Xmultilineatus,(Xnigrensis)#H31:::0.9588919685400147):2.0050462364869306):2.3105483040117827):0.12810801297766194,#H31:::0.041108031459985324):0.248653480752719):1.5140102001286722,(Xcortezi)#H33:::0.6226715955070663):0.3286713850179162); 
with -loglik 9001.775250731927
