optimization of topology, BL and inheritance probabilities using:
 hmax = 1,
 tolerance parameters: ftolRel=1.0e-6, ftolAbs=1.0e-6,
                       xtolAbs=0.001, xtolRel=0.01.
 max number of failed proposals = 75, liktolAbs = 1.0e-6.
rootname for files: /mnt/ws/home/nkolbow/repos/snaq2/empirical-cui/condor/snaq_outputs/cui_net_1hyb
BEGIN: 10 runs on starting tree (Xbirchmanni_GARC,Xmalinche_CHIC2,(Xcortezi,(Xmontezumae,(((Xcontinens,Xpygmaeus):2.3017080252234448,(Xnigrensis,Xmultilineatus):1.671108991025126):2.759092131213057,(((((((((Xgordoni,Xmeyeri):0.27086593332514336,Xcouchianus):4.196808533934877,Xvariatus):0.697221167243595,Xevelynae):0.5681304307513453,Xmilleri):0.2868239031681669,Xxiphidium):0.39006592220779324,Xandersi):0.42783533295036885,Xmaculatus):0.5986215662561576,((((Xalvarezi,Xmayae):0.4333783549386694,Xhellerii):0.3187739708046137,Xsignum):2.0371066471202357,(Xclemenciae_F2,Xmonticolus):1.447751800046445):0.9602131745363406):2.3413425740175646):0.5135163354424009):0.7528347026628194):0.9601165929019997);
       using 11 processors

main seed 42
seed: 42 for run 1
seed: 17357 for run 2
seed: 32166 for run 3
seed: 25858 for run 4
seed: 16643 for run 5
seed: 52701 for run 6
seed: 48302 for run 7
seed: 39066 for run 8
seed: 80276 for run 9
seed: 72198 for run 10

2024-07-12 9:34:52.512
MaxNet is (Xgordoni,Xmeyeri,(Xcouchianus,(Xvariatus,(Xevelynae,(Xmilleri,((Xandersi,(Xmaculatus,(((((Xalvarezi,Xmayae):0.3366637729485361,Xhellerii):0.2562626556513565,Xsignum):1.8662286747064056,(Xclemenciae_F2,Xmonticolus):1.4559422166402427):0.7819565124337832,(((((Xbirchmanni_GARC,Xmalinche_CHIC2):0.8937064414328327,Xcortezi):0.6905181240204367,Xmontezumae):0.4925268297905804,((Xcontinens,Xpygmaeus):1.9687029541572578,(Xnigrensis,Xmultilineatus):1.4510561237331452):2.427907298760493):2.012639672074108)#H24:0.7529762846819539::0.8230318338650123):1.0267134465036847):0.642568404869883):0.49698260724271376,(Xxiphidium,#H24:0.0::0.1769681661349877):1.1413450021807416):0.15333425969867212):0.4615644368255554):0.6445071592537979):3.5285689842423373):0.2607188788009076); 
with -loglik 8678.984993803833
