optimization of topology, BL and inheritance probabilities using:
 hmax = 3,
 tolerance parameters: ftolRel=1.0e-6, ftolAbs=1.0e-6,
                       xtolAbs=0.001, xtolRel=0.01.
 max number of failed proposals = 75, liktolAbs = 1.0e-6.
rootname for files: /mnt/ws/home/nkolbow/repos/snaq2/empirical-cui/condor/snaq_outputs/cui_net_3hyb
BEGIN: 10 runs on starting tree (Xbirchmanni_GARC,Xmalinche_CHIC2,(Xcortezi,(Xmontezumae,(((Xcontinens,Xpygmaeus):2.3017080252234448,(Xnigrensis,Xmultilineatus):1.671108991025126):2.759092131213057,(((((((((Xgordoni,Xmeyeri):0.27086593332514336,Xcouchianus):4.196808533934877,Xvariatus):0.697221167243595,Xevelynae):0.5681304307513453,Xmilleri):0.2868239031681669,Xxiphidium):0.39006592220779324,Xandersi):0.42783533295036885,Xmaculatus):0.5986215662561576,((((Xalvarezi,Xmayae):0.4333783549386694,Xhellerii):0.3187739708046137,Xsignum):2.0371066471202357,(Xclemenciae_F2,Xmonticolus):1.447751800046445):0.9602131745363406):2.3413425740175646):0.5135163354424009):0.7528347026628194):0.9601165929019997);
       using 11 processors

main seed 42
seed: 42 for run 1
seed: 17357 for run 2
seed: 32166 for run 3
seed: 25858 for run 4
seed: 16643 for run 5
seed: 52701 for run 6
seed: 48302 for run 7
seed: 39066 for run 8
seed: 80276 for run 9
seed: 72198 for run 10

2024-07-13 2:31:37.567
MaxNet is (Xbirchmanni_GARC,Xmalinche_CHIC2,((Xmontezumae,((((Xmaculatus)#H28:::0.8045665296840776,((Xandersi,((Xevelynae,((Xvariatus,((Xmeyeri,Xgordoni):0.26146310129355593,Xcouchianus):3.5269750957565567):0.10384873349167989,#H26:::0.4238421547670013):0.623893975509921):0.5907430298318397,Xmilleri):0.5717079035650531):0.16589392490387617,(Xxiphidium)#H26:::0.5761578452329987):0.04654215371893376):0.8297759434219726,(((Xclemenciae_F2,Xmonticolus):1.4558811572533668,(Xsignum,((Xmayae,Xalvarezi):0.33525641819439755,Xhellerii):0.25657772163186604):1.867984604494671):0.07521442055280121,#H28:::0.19543347031592243):0.96904202883736):2.1407207775836645,(((Xcontinens,Xpygmaeus):1.9709279192560962,(Xnigrensis,Xmultilineatus):1.4507659258597096):1.4482880042922037)#H24:::0.9340436050353449):0.5994492581442515):0.8035465029730425,(Xcortezi,#H24:::0.06595639496465512):7.225522663516589):0.8546791222154766); 
with -loglik 9026.012338450364
