optimization of topology, BL and inheritance probabilities using:
 hmax = 5,
 tolerance parameters: ftolRel=1.0e-6, ftolAbs=1.0e-6,
                       xtolAbs=0.001, xtolRel=0.01.
 max number of failed proposals = 75, liktolAbs = 1.0e-6.
rootname for files: /mnt/ws/home/nkolbow/repos/snaq2/empirical-cui/condor/snaq_outputs/cui_net_5hyb
BEGIN: 10 runs on starting tree (Xbirchmanni_GARC,Xmalinche_CHIC2,(Xcortezi,((Xmontezumae,Xnezahuacoyotl):0.20483859110430347,(((Xcontinens,Xpygmaeus):2.2959965325402103,(Xnigrensis,Xmultilineatus):1.6589389246103243):2.3452393423437425,(((((((((Xgordoni,Xmeyeri):0.2712063807319495,Xcouchianus):4.202259055017044,Xvariatus):0.6972657181741981,Xevelynae):0.5671916883783797,Xmilleri):0.289866426483057,Xxiphidium):0.3867695113181988,Xandersi):0.42286001342299184,Xmaculatus):0.5990023321456063,((((Xalvarezi,Xmayae):0.4340043590214104,Xhellerii):0.3191339642737695,Xsignum):2.036358391777147,(Xclemenciae_F2,Xmonticolus):1.4456444494511218):0.9576249049350155):2.4117600894070255):0.47148136750609243):0.45190130744628526):0.9838760344084564);
       using 17 processors

main seed 42
seed: 42 for run 1
seed: 17357 for run 2
seed: 32166 for run 3
seed: 25858 for run 4
seed: 16643 for run 5
seed: 52701 for run 6
seed: 48302 for run 7
seed: 39066 for run 8
seed: 80276 for run 9
seed: 72198 for run 10

2024-05-01 8:26:56.096
MaxNet is ((Xcortezi,((Xmontezumae,Xnezahuacoyotl):0.05507403470130131,((((Xcontinens,Xpygmaeus):1.8263419657118718,(Xmultilineatus,(Xnigrensis)#H27:::0.9074109725834785):2.437919495237721):1.47982701653102,#H27:::0.09258902741652154):0.6710802398213163,((((((Xhellerii,(Xalvarezi,(Xmayae,#H39:::0.2975896254441885):4.65042526426455):0.4182460797094471):0.6129318246669219,(Xsignum)#H39:::0.7024103745558115):1.5904699857801696,(Xclemenciae_F2,Xmonticolus):1.4597087086285756):0.9022538848505719,((Xandersi,((((Xevelynae,((Xvariatus,((Xmeyeri,Xgordoni):0.26804635807128535,Xcouchianus):3.526856232897168):0.06098179945474447,#H33:::0.4166386500645645):0.6562291761317913):0.5945529475607318,Xmilleri):0.7255066907582194,(Xxiphidium)#H33:::0.5833613499354355):0.0)#H29:0.01495475451544461::0.8928323408576677):0.5884483835443378,Xmaculatus):0.8198436273372809):1.629681017475637,#H29:0.00455236260703823::0.10716765914233234):1.130708599357948)#H25:0.018746446708604817::0.8488038004766683):0.7484407309942047):0.8569999043638545):1.721095636783277,Xmalinche_CHIC2,(Xbirchmanni_GARC,#H25:0.002121741721300512::0.1511961995233317):0.06903842795111793); 
with -loglik 8579.669270316146
