optimization of topology, BL and inheritance probabilities using:
 hmax = 1,
 tolerance parameters: ftolRel=1.0e-6, ftolAbs=1.0e-6,
                       xtolAbs=0.001, xtolRel=0.01.
 max number of failed proposals = 75, liktolAbs = 1.0e-6.
rootname for files: snaq
BEGIN: 10 runs on starting tree (E,((A,B):0.0102877580160604,(C,D):0.010217626467889106):0.024824695366931923,O);

main seed 123
seed: 123 for run 1, 2023-10-03 16:3:41.118

BEGIN SNaQ for run 1, seed 123 and hmax 1 changed starting topology by NNI move

Begins heuristic optimization of network------

found best network, now we re-optimize branch lengths and gamma more precisely
STOPPED by number of failures criteria
END optTopLevel: found minimizer topology at step 125 (failures: 75) with -loglik=32.44167 and ht_min=[0.1545, 10.0, 8.859, 0.80972, 1.34781]
PERFORMANCE: total number of moves (proposed, successful, accepted) in general, and to fix gamma=0.0,t=0.0 cases
	--------moves general--------				 --------moves gamma,t------	
move	 Num.Proposed	 Num.Successful	 Num.Accepted	 | Num.Proposed	 Num.Successful	 Num.Accepted
add		 3		 2		 1	 |	 NA 		 NA 		 NA 
mvorigin	 35		 35		 0	 |	 0		 0		 --
mvtarget	 33		 33		 1	 |	 0		 0		 --
chdir		 9		 9		 1	 |	 0		 0		 --
delete		 0		 0		 0	 |	 0		 0		 --
nni		 45		 30		 1	 |	 0		 0		 --
Total		 125		 109		 4	 |	 0		 0		 0
Proportion	 -- 		 1.0		 0.0	 |	 -- 		 0.0		 0.0
((C,D):8.859000430926491,(O,(E,#H7:::0.15449933012130748):1.3478069008438527):0.8097231815942341,(B,(A)#H7:::0.8455006698786925):10.0);
---------------------
seed: 90629 for run 2, 2023-10-03 16:3:58.353

BEGIN SNaQ for run 2, seed 90629 and hmax 1 changed starting topology by NNI move

Begins heuristic optimization of network------

found best network, now we re-optimize branch lengths and gamma more precisely
STOPPED by number of failures criteria
END optTopLevel: found minimizer topology at step 156 (failures: 75) with -loglik=32.44167 and ht_min=[0.1545, 0.80973, 10.0, 8.85879, 1.34781]
PERFORMANCE: total number of moves (proposed, successful, accepted) in general, and to fix gamma=0.0,t=0.0 cases
	--------moves general--------				 --------moves gamma,t------	
move	 Num.Proposed	 Num.Successful	 Num.Accepted	 | Num.Proposed	 Num.Successful	 Num.Accepted
add		 3		 2		 1	 |	 NA 		 NA 		 NA 
mvorigin	 39		 39		 6	 |	 0		 0		 --
mvtarget	 44		 44		 2	 |	 0		 0		 --
chdir		 14		 14		 3	 |	 0		 0		 --
delete		 0		 0		 0	 |	 0		 0		 --
nni		 56		 35		 1	 |	 2		 2		 --
Total		 156		 134		 13	 |	 2		 2		 1
Proportion	 -- 		 1.0		 0.1	 |	 -- 		 1.0		 0.5
(O,(E,#H7:::0.15449951037850448):1.347806473841248,((D,C):8.858788903751453,(B,(A)#H7:::0.8455004896214955):10.0):0.8097260302614342);
---------------------
seed: 44349 for run 3, 2023-10-03 16:4:18.15

BEGIN SNaQ for run 3, seed 44349 and hmax 1 changed starting topology by NNI move

Begins heuristic optimization of network------

found best network, now we re-optimize branch lengths and gamma more precisely
STOPPED for not having more moves to propose: movesfail [0, 25, 25, 4, 0, 61], Nmov [217, 25, 25, 4, 10000, 61]
END optTopLevel: found minimizer topology at step 148 (failures: 54) with -loglik=38.48634 and ht_min=[0.12597, 9.96591, 9.9046, 0.67095, 6.99912, 0.0, 0.02609]
PERFORMANCE: total number of moves (proposed, successful, accepted) in general, and to fix gamma=0.0,t=0.0 cases
	--------moves general--------				 --------moves gamma,t------	
move	 Num.Proposed	 Num.Successful	 Num.Accepted	 | Num.Proposed	 Num.Successful	 Num.Accepted
add		 3		 2		 1	 |	 NA 		 NA 		 NA 
mvorigin	 32		 32		 1	 |	 0		 0		 --
mvtarget	 28		 28		 2	 |	 0		 0		 --
chdir		 9		 9		 0	 |	 0		 0		 --
delete		 0		 0		 0	 |	 0		 0		 --
nni		 75		 7		 0	 |	 0		 0		 --
Total		 147		 78		 4	 |	 0		 0		 0
Proportion	 -- 		 1.0		 0.1	 |	 -- 		 0.0		 0.0
(A,#H7:0.0::0.12596552571100988,(B,((C,D):9.965909049617684,((E,O):0.6709528060193886)#H7:0.026085282234264952::0.8740344742889901):6.999123438004687):9.904600976408227);
---------------------
seed: 74567 for run 4, 2023-10-03 16:4:29.278

BEGIN SNaQ for run 4, seed 74567 and hmax 1
Begins heuristic optimization of network------

found best network, now we re-optimize branch lengths and gamma more precisely
STOPPED by number of failures criteria
END optTopLevel: found minimizer topology at step 89 (failures: 75) with -loglik=32.44172 and ht_min=[0.1545, 10.0, 8.91163, 0.8097, 1.34788]
PERFORMANCE: total number of moves (proposed, successful, accepted) in general, and to fix gamma=0.0,t=0.0 cases
	--------moves general--------				 --------moves gamma,t------	
move	 Num.Proposed	 Num.Successful	 Num.Accepted	 | Num.Proposed	 Num.Successful	 Num.Accepted
add		 2		 2		 1	 |	 NA 		 NA 		 NA 
mvorigin	 25		 25		 0	 |	 3		 3		 --
mvtarget	 27		 27		 1	 |	 3		 3		 --
chdir		 5		 5		 1	 |	 6		 6		 --
delete		 0		 0		 0	 |	 0		 0		 --
nni		 30		 23		 0	 |	 0		 0		 --
Total		 89		 82		 3	 |	 12		 12		 6
Proportion	 -- 		 1.0		 0.0	 |	 -- 		 1.0		 0.5
(E,(O,((D,C):8.91162960807715,(B,(A)#H7:::0.8455028690656392):10.0):0.8097012510903622):1.347876360842374,#H7:::0.15449713093436077);
---------------------
seed: 51208 for run 5, 2023-10-03 16:4:41.876

BEGIN SNaQ for run 5, seed 51208 and hmax 1
Begins heuristic optimization of network------

found best network, now we re-optimize branch lengths and gamma more precisely
STOPPED by number of failures criteria
END optTopLevel: found minimizer topology at step 119 (failures: 75) with -loglik=32.44167 and ht_min=[0.1545, 10.0, 1.34782, 0.80972, 8.85897]
PERFORMANCE: total number of moves (proposed, successful, accepted) in general, and to fix gamma=0.0,t=0.0 cases
	--------moves general--------				 --------moves gamma,t------	
move	 Num.Proposed	 Num.Successful	 Num.Accepted	 | Num.Proposed	 Num.Successful	 Num.Accepted
add		 2		 2		 1	 |	 NA 		 NA 		 NA 
mvorigin	 38		 38		 1	 |	 0		 0		 --
mvtarget	 31		 31		 1	 |	 0		 0		 --
chdir		 10		 10		 2	 |	 0		 0		 --
delete		 0		 0		 0	 |	 0		 0		 --
nni		 38		 24		 0	 |	 0		 0		 --
Total		 119		 105		 5	 |	 0		 0		 0
Proportion	 -- 		 1.0		 0.0	 |	 -- 		 0.0		 0.0
(O,((D,C):8.858966048316786,(B,(A)#H7:::0.8454998044825369):10.0):0.8097229925014235,(E,#H7:::0.15450019551746308):1.347823437930193);
---------------------
seed: 25384 for run 6, 2023-10-03 16:4:56.801

BEGIN SNaQ for run 6, seed 25384 and hmax 1 changed starting topology by NNI move

Begins heuristic optimization of network------

found best network, now we re-optimize branch lengths and gamma more precisely
STOPPED by number of failures criteria
END optTopLevel: found minimizer topology at step 138 (failures: 75) with -loglik=32.44984 and ht_min=[0.1545, 10.0, 9.91345, 1.34777, 0.80979]
PERFORMANCE: total number of moves (proposed, successful, accepted) in general, and to fix gamma=0.0,t=0.0 cases
	--------moves general--------				 --------moves gamma,t------	
move	 Num.Proposed	 Num.Successful	 Num.Accepted	 | Num.Proposed	 Num.Successful	 Num.Accepted
add		 2		 1		 1	 |	 NA 		 NA 		 NA 
mvorigin	 30		 30		 7	 |	 6		 6		 --
mvtarget	 41		 41		 3	 |	 6		 6		 --
chdir		 19		 19		 3	 |	 12		 12		 --
delete		 0		 0		 0	 |	 0		 0		 --
nni		 46		 32		 0	 |	 0		 0		 --
Total		 138		 123		 14	 |	 24		 24		 10
Proportion	 -- 		 1.0		 0.1	 |	 -- 		 1.0		 0.4
(O,(E,#H7:::0.15449924818231903):1.3477738365448595,((D,C):9.913448912948276,(B,(A)#H7:::0.8455007518176809):10.0):0.8097882766291049);
---------------------
seed: 33415 for run 7, 2023-10-03 16:5:13.839

BEGIN SNaQ for run 7, seed 33415 and hmax 1
Begins heuristic optimization of network------

found best network, now we re-optimize branch lengths and gamma more precisely
STOPPED by number of failures criteria
END optTopLevel: found minimizer topology at step 85 (failures: 75) with -loglik=32.44167 and ht_min=[0.1545, 10.0, 8.85887, 0.80972, 1.3478]
PERFORMANCE: total number of moves (proposed, successful, accepted) in general, and to fix gamma=0.0,t=0.0 cases
	--------moves general--------				 --------moves gamma,t------	
move	 Num.Proposed	 Num.Successful	 Num.Accepted	 | Num.Proposed	 Num.Successful	 Num.Accepted
add		 5		 5		 1	 |	 NA 		 NA 		 NA 
mvorigin	 25		 25		 0	 |	 0		 0		 --
mvtarget	 21		 21		 0	 |	 0		 0		 --
chdir		 4		 4		 0	 |	 0		 0		 --
delete		 0		 0		 0	 |	 0		 0		 --
nni		 30		 27		 0	 |	 0		 0		 --
Total		 85		 82		 1	 |	 0		 0		 0
Proportion	 -- 		 1.0		 0.0	 |	 -- 		 0.0		 0.0
(((B,(A)#H7:::0.8455005919435067):10.0,(C,D):8.85886912668244):0.8097225705773144,O,(E,#H7:::0.1544994080564933):1.3478009825990733);
---------------------
seed: 42732 for run 8, 2023-10-03 16:5:23.131

BEGIN SNaQ for run 8, seed 42732 and hmax 1
Begins heuristic optimization of network------

found best network, now we re-optimize branch lengths and gamma more precisely
STOPPED for not having more moves to propose: movesfail [0, 25, 25, 4, 0, 61], Nmov [217, 25, 25, 4, 10000, 61]
END optTopLevel: found minimizer topology at step 140 (failures: 54) with -loglik=38.78176 and ht_min=[0.12525, 6.98527, 0.6411, 9.98342, 10.0, 0.05741, 9.63063]
PERFORMANCE: total number of moves (proposed, successful, accepted) in general, and to fix gamma=0.0,t=0.0 cases
	--------moves general--------				 --------moves gamma,t------	
move	 Num.Proposed	 Num.Successful	 Num.Accepted	 | Num.Proposed	 Num.Successful	 Num.Accepted
add		 2		 2		 1	 |	 NA 		 NA 		 NA 
mvorigin	 31		 31		 1	 |	 0		 0		 --
mvtarget	 28		 28		 2	 |	 0		 0		 --
chdir		 10		 10		 1	 |	 0		 0		 --
delete		 0		 0		 0	 |	 0		 0		 --
nni		 68		 3		 0	 |	 0		 0		 --
Total		 139		 74		 5	 |	 0		 0		 0
Proportion	 -- 		 1.0		 0.1	 |	 -- 		 0.0		 0.0
(((C,D):9.983421508698145,((E,O):0.6410961069284068)#H7:0.057408538444567565::0.8747479486336811):6.9852748551090125,B,(A,#H7:9.630627471976988::0.12525205136631895):10.0);
---------------------
seed: 86754 for run 9, 2023-10-03 16:5:31.994

BEGIN SNaQ for run 9, seed 86754 and hmax 1 changed starting topology by NNI move

Begins heuristic optimization of network------

found best network, now we re-optimize branch lengths and gamma more precisely
STOPPED for not having more moves to propose: movesfail [0, 25, 25, 4, 0, 61], Nmov [217, 25, 25, 4, 10000, 61]
END optTopLevel: found minimizer topology at step 150 (failures: 54) with -loglik=38.47715 and ht_min=[0.12621, 7.00418, 0.68266, 8.79845, 9.7468, 0.00837, 0.0]
PERFORMANCE: total number of moves (proposed, successful, accepted) in general, and to fix gamma=0.0,t=0.0 cases
	--------moves general--------				 --------moves gamma,t------	
move	 Num.Proposed	 Num.Successful	 Num.Accepted	 | Num.Proposed	 Num.Successful	 Num.Accepted
add		 7		 7		 1	 |	 NA 		 NA 		 NA 
mvorigin	 27		 27		 1	 |	 1		 1		 --
mvtarget	 27		 27		 0	 |	 0		 0		 --
chdir		 6		 6		 0	 |	 2		 2		 --
delete		 0		 0		 0	 |	 0		 0		 --
nni		 82		 15		 1	 |	 0		 0		 --
Total		 149		 82		 3	 |	 3		 3		 2
Proportion	 -- 		 1.0		 0.0	 |	 -- 		 1.0		 0.7
(((D,C):8.798448977642954,((E,O):0.6826574009157352)#H7:0.00837269333072784::0.8737878813270235):7.004180227911138,B,(A,#H7:0.0::0.12621211867297658):9.746803960008165);
---------------------
seed: 58191 for run 10, 2023-10-03 16:5:40.551

BEGIN SNaQ for run 10, seed 58191 and hmax 1 changed starting topology by NNI move

Begins heuristic optimization of network------

found best network, now we re-optimize branch lengths and gamma more precisely
STOPPED by number of failures criteria
END optTopLevel: found minimizer topology at step 111 (failures: 75) with -loglik=32.44167 and ht_min=[0.1545, 10.0, 8.85919, 0.80972, 1.3478]
PERFORMANCE: total number of moves (proposed, successful, accepted) in general, and to fix gamma=0.0,t=0.0 cases
	--------moves general--------				 --------moves gamma,t------	
move	 Num.Proposed	 Num.Successful	 Num.Accepted	 | Num.Proposed	 Num.Successful	 Num.Accepted
add		 2		 2		 1	 |	 NA 		 NA 		 NA 
mvorigin	 27		 27		 0	 |	 4		 4		 --
mvtarget	 34		 34		 1	 |	 4		 4		 --
chdir		 11		 11		 2	 |	 8		 8		 --
delete		 0		 0		 0	 |	 0		 0		 --
nni		 37		 28		 2	 |	 0		 0		 --
Total		 111		 102		 6	 |	 16		 16		 8
Proportion	 -- 		 1.0		 0.1	 |	 -- 		 1.0		 0.5
(O,((D,C):8.859192966088145,(B,(A)#H7:::0.8455006918216272):10.0):0.809723070299851,(E,#H7:::0.15449930817837282):1.347804404846588);
---------------------

2023-10-03 16:5:54.835
MaxNet is ((C,D):8.859000430926491,(O,(E,#H7:::0.15449933012130748):1.3478069008438527):0.8097231815942341,(B,(A)#H7:::0.8455006698786925):10.0); 
with -loglik 32.44166815276627
