optimization of topology, BL and inheritance probabilities using:
 hmax = 0,
 tolerance parameters: ftolRel=1.0e-6, ftolAbs=1.0e-6,
                       xtolAbs=0.001, xtolRel=0.01.
 max number of failed proposals = 75, liktolAbs = 1.0e-6.
rootname for files: net0_2
BEGIN: 1 runs on starting tree (Xbirchmanni_GARC,Xmalinche_CHIC2,(Xcortezi,(Xmontezumae,(((Xcontinens,Xpygmaeus):2.3017080252234448,(Xnigrensis,Xmultilineatus):1.6711089910251251):2.7590921312130705,(((((((((Xgordoni,Xmeyeri):0.27086593332514336,Xcouchianus):4.196808533934877,Xvariatus):0.6972211672435943,Xevelynae):0.568130430751345,Xmilleri):0.2868239031681669,Xxiphidium):0.39006592220779274,Xandersi):0.42783533295036885,Xmaculatus):0.5986215662561578,((((Xalvarezi,Xmayae):0.433378354938669,Xhellerii):0.3187739708046137,Xsignum):2.037106647120228,(Xclemenciae_F2,Xmonticolus):1.4477518000464444):0.9602131745363427):2.3413425740175615):0.5135163354424017):0.7528347026628197):0.9601165929019997);

main seed 11387
seed: 11387 for run 1
2017-06-29 5:37:37.242

 BEGIN SNaQ for run 1, seed 11387 and hmax 0 changed starting topology by NNI move

Begins heuristic optimization of network------

found best network, now we re-optimize branch lengths and gamma more precisely
STOPPED by number of failures criteria
END optTopLevel: found minimizer topology at step 99 (failures: 75) with -loglik=12306.30163 and ht_min=[0.89426,0.69029,0.49257,1.96864,1.45082,2.42777,2.22388,0.26086,3.52635,0.64412,0.46237,0.2207,0.34185,0.41308,0.56282,0.33581,0.25698,1.8685,1.45682,0.98941]
PERFORMANCE: total number of moves (proposed, successful, accepted) in general, and to fix gamma=0.0,t=0.0 cases
	--------moves general--------				 --------moves gamma,t------	
move	 Num.Proposed	 Num.Successful	 Num.Accepted	 | Num.Proposed	 Num.Successful	 Num.Accepted
add		 0		 0		 0	 |	 NA 		 NA 		 NA 
mvorigin	 0		 0		 0	 |	 0		 0		 --
mvtarget	 0		 0		 0	 |	 0		 0		 --
chdir		 0		 0		 0	 |	 0		 0		 --
delete		 0		 0		 0	 |	 0		 0		 --
nni		 99		 98		 3	 |	 0		 0		 --
Total		 99		 98		 3	 |	 0		 0		 0
Proportion	 -- 		 1.0		 0.0	 |	 -- 		 0.0		 0.0

 FINISHED SNaQ for run 1, -loglik of best 12306.301629524385
(Xbirchmanni_GARC,Xmalinche_CHIC2,(Xcortezi,((((Xcontinens,Xpygmaeus):1.968639081386883,(Xnigrensis,Xmultilineatus):1.4508174422575135):2.427772613185462,(((((((((Xgordoni,Xmeyeri):0.260856966146876,Xcouchianus):3.526347509123105,Xvariatus):0.6441162887772744,Xevelynae):0.462367609391274,Xmilleri):0.22070318920005397,Xxiphidium):0.34185103339787876,Xandersi):0.4130833677405295,Xmaculatus):0.5628216982239805,((((Xalvarezi,Xmayae):0.3358118794457711,Xhellerii):0.25698483128776145,Xsignum):1.8684957773248085,(Xclemenciae_F2,Xmonticolus):1.4568163058124424):0.9894143518348664):2.2238819298214993):0.49257045885861217,Xmontezumae):0.6902937164073937):0.8942621219306949);
---------------------

2017-06-29 20:5:11.675
MaxNet is (Xbirchmanni_GARC,Xmalinche_CHIC2,(Xcortezi,((((Xcontinens,Xpygmaeus):1.968639081386883,(Xnigrensis,Xmultilineatus):1.4508174422575135):2.427772613185462,(((((((((Xgordoni,Xmeyeri):0.260856966146876,Xcouchianus):3.526347509123105,Xvariatus):0.6441162887772744,Xevelynae):0.462367609391274,Xmilleri):0.22070318920005397,Xxiphidium):0.34185103339787876,Xandersi):0.4130833677405295,Xmaculatus):0.5628216982239805,((((Xalvarezi,Xmayae):0.3358118794457711,Xhellerii):0.25698483128776145,Xsignum):1.8684957773248085,(Xclemenciae_F2,Xmonticolus):1.4568163058124424):0.9894143518348664):2.2238819298214993):0.49257045885861217,Xmontezumae):0.6902937164073937):0.8942621219306949); 
with -loglik 12306.301629524385
