optimization of topology, BL and inheritance probabilities using:
 hmax = 1,
 tolerance parameters: ftolRel=1.0e-6, ftolAbs=1.0e-6,
                       xtolAbs=0.001, xtolRel=0.01.
 max number of failed proposals = 75, liktolAbs = 1.0e-6.
rootname for files: net1_8
BEGIN: 1 runs on starting tree (Xbirchmanni_GARC,Xmalinche_CHIC2,(Xcortezi,(Xmontezumae,((((((Xalvarezi,Xmayae):0.335769895163157,Xhellerii):0.25701275636376913,Xsignum):1.868517433990161,(Xclemenciae_F2,Xmonticolus):1.4568062051783408):0.989395317723853,((((((((Xgordoni,Xmeyeri):0.26106315330686575,Xcouchianus):3.526325059236554,Xvariatus):0.6440449515447828,Xevelynae):0.46241876664792825,Xmilleri):0.22069043217601236,Xxiphidium):0.34185028479102253,Xandersi):0.41306571310159573,Xmaculatus):0.5628328916430533):2.2239077866337014,((Xcontinens,Xpygmaeus):1.9686118609434138,(Xnigrensis,Xmultilineatus):1.4508641693320588):2.4277722089992824):0.4925828367432325):0.6902608624421183):0.8942084566388452);

main seed 74331
seed: 74331 for run 1
2017-06-30 7:5:42.012

 BEGIN SNaQ for run 1, seed 74331 and hmax 1 changed starting topology by NNI move

Begins heuristic optimization of network------

found best network, now we re-optimize branch lengths and gamma more precisely
STOPPED by number of failures criteria
END optTopLevel: found minimizer topology at step 111 (failures: 75) with -loglik=10707.71096 and ht_min=[0.17331,0.33592,0.25673,1.86884,1.457,0.26087,3.52611,0.64418,0.46207,0.22068,0.34092,0.0,0.30833,0.91486,2.082,1.96842,1.45068,2.42758,0.49258,0.69017,0.89488,6.78001,1.06459,0.29211]
PERFORMANCE: total number of moves (proposed, successful, accepted) in general, and to fix gamma=0.0,t=0.0 cases
	--------moves general--------				 --------moves gamma,t------	
move	 Num.Proposed	 Num.Successful	 Num.Accepted	 | Num.Proposed	 Num.Successful	 Num.Accepted
add		 1		 1		 1	 |	 NA 		 NA 		 NA 
mvorigin	 33		 33		 6	 |	 0		 0		 --
mvtarget	 30		 30		 1	 |	 0		 0		 --
chdir		 10		 10		 2	 |	 1		 1		 --
delete		 0		 0		 0	 |	 0		 0		 --
nni		 37		 37		 0	 |	 1		 1		 --
Total		 111		 111		 10	 |	 2		 2		 2
Proportion	 -- 		 1.0		 0.1	 |	 -- 		 1.0		 1.0

 FINISHED SNaQ for run 1, -loglik of best 10707.71095651905
(Xbirchmanni_GARC,Xmalinche_CHIC2,(Xcortezi,(Xmontezumae,((((((((((Xgordoni,Xmeyeri):0.2608687867782285,Xcouchianus):3.5261104533596384,Xvariatus):0.6441803056843578,Xevelynae):0.4620679835386833,Xmilleri):0.22067763441046118,Xxiphidium):0.3409205851662051,Xandersi):0.30832989393873544,(Xmaculatus,#H24:0.29211315888959255::0.1733111004961271):6.780010776011223):0.9148562007532648,(((Xsignum,((Xmayae,Xalvarezi):0.3359200089826266,Xhellerii):0.2567339382145147):1.8688448382630203,(Xclemenciae_F2,Xmonticolus):1.4570003794255508):1.0645912084573121)#H24:0.0::0.8266888995038729):2.081997632263622,((Xcontinens,Xpygmaeus):1.9684184715458655,(Xnigrensis,Xmultilineatus):1.4506827181737825):2.4275845521888715):0.49257650733312774):0.6901667359195117):0.8948777090320602);
---------------------

2017-07-01 12:24:14.129
MaxNet is (Xbirchmanni_GARC,Xmalinche_CHIC2,(Xcortezi,(Xmontezumae,((((((((((Xgordoni,Xmeyeri):0.2608687867782285,Xcouchianus):3.5261104533596384,Xvariatus):0.6441803056843578,Xevelynae):0.4620679835386833,Xmilleri):0.22067763441046118,Xxiphidium):0.3409205851662051,Xandersi):0.30832989393873544,(Xmaculatus,#H24:0.29211315888959255::0.1733111004961271):6.780010776011223):0.9148562007532648,(((Xsignum,((Xmayae,Xalvarezi):0.3359200089826266,Xhellerii):0.2567339382145147):1.8688448382630203,(Xclemenciae_F2,Xmonticolus):1.4570003794255508):1.0645912084573121)#H24:0.0::0.8266888995038729):2.081997632263622,((Xcontinens,Xpygmaeus):1.9684184715458655,(Xnigrensis,Xmultilineatus):1.4506827181737825):2.4275845521888715):0.49257650733312774):0.6901667359195117):0.8948777090320602); 
with -loglik 10707.71095651905
