optimization of topology, BL and inheritance probabilities using:
 hmax = 1,
 tolerance parameters: ftolRel=1.0e-6, ftolAbs=1.0e-6,
                       xtolAbs=0.001, xtolRel=0.01.
 max number of failed proposals = 75, liktolAbs = 1.0e-6.
rootname for files: net1_5
BEGIN: 1 runs on starting tree (Xbirchmanni_GARC,Xmalinche_CHIC2,(Xcortezi,(Xmontezumae,((((((Xalvarezi,Xmayae):0.335769895163157,Xhellerii):0.25701275636376913,Xsignum):1.868517433990161,(Xclemenciae_F2,Xmonticolus):1.4568062051783408):0.989395317723853,((((((((Xgordoni,Xmeyeri):0.26106315330686575,Xcouchianus):3.526325059236554,Xvariatus):0.6440449515447828,Xevelynae):0.46241876664792825,Xmilleri):0.22069043217601236,Xxiphidium):0.34185028479102253,Xandersi):0.41306571310159573,Xmaculatus):0.5628328916430533):2.2239077866337014,((Xcontinens,Xpygmaeus):1.9686118609434138,(Xnigrensis,Xmultilineatus):1.4508641693320588):2.4277722089992824):0.4925828367432325):0.6902608624421183):0.8942084566388452);

main seed 16169
seed: 16169 for run 1
2017-06-30 7:4:36.432

 BEGIN SNaQ for run 1, seed 16169 and hmax 1 changed starting topology by NNI move

Begins heuristic optimization of network------

found best network, now we re-optimize branch lengths and gamma more precisely
STOPPED by number of failures criteria
END optTopLevel: found minimizer topology at step 186 (failures: 75) with -loglik=11421.24884 and ht_min=[0.09065,0.33606,0.25689,1.32367,1.27188,0.2577,3.52695,0.64421,0.46248,0.22019,0.34197,0.66832,0.37545,2.1815,1.96867,1.45018,2.42692,0.49257,0.69071,0.89316,6.00022,1.99187]
PERFORMANCE: total number of moves (proposed, successful, accepted) in general, and to fix gamma=0.0,t=0.0 cases
	--------moves general--------				 --------moves gamma,t------	
move	 Num.Proposed	 Num.Successful	 Num.Accepted	 | Num.Proposed	 Num.Successful	 Num.Accepted
add		 1		 1		 1	 |	 NA 		 NA 		 NA 
mvorigin	 55		 55		 8	 |	 0		 0		 --
mvtarget	 54		 54		 1	 |	 0		 0		 --
chdir		 24		 24		 1	 |	 0		 0		 --
delete		 0		 0		 0	 |	 0		 0		 --
nni		 52		 51		 0	 |	 0		 0		 --
Total		 186		 185		 11	 |	 0		 0		 0
Proportion	 -- 		 1.0		 0.1	 |	 -- 		 0.0		 0.0

 FINISHED SNaQ for run 1, -loglik of best 11421.24883826551
(Xbirchmanni_GARC,Xmalinche_CHIC2,(Xcortezi,(Xmontezumae,((((Xclemenciae_F2,Xmonticolus):1.3236736089803864,((Xsignum,(Xhellerii,(Xalvarezi,Xmayae):0.3360587761083312):0.25688888680507366):1.991873179523941)#H24:::0.9093462603796145):1.2718761502657656,((Xandersi,((((((Xgordoni,Xmeyeri):0.2576979968454652,Xcouchianus):3.52695026027786,Xvariatus):0.6442149981428059,Xevelynae):0.46248069449744406,Xmilleri):0.22019422790040408,Xxiphidium):0.3419695269946709):0.37545412562803254,(Xmaculatus,#H24:::0.09065373962038543):6.000222853249391):0.668317222133248):2.1814951456621836,((Xcontinens,Xpygmaeus):1.9686702036169064,(Xnigrensis,Xmultilineatus):1.4501798265013253):2.4269158258084116):0.4925743105146781):0.6907085387852536):0.8931592802456744);
---------------------

2017-06-30 22:37:51.686
MaxNet is (Xbirchmanni_GARC,Xmalinche_CHIC2,(Xcortezi,(Xmontezumae,((((Xclemenciae_F2,Xmonticolus):1.3236736089803864,((Xsignum,(Xhellerii,(Xalvarezi,Xmayae):0.3360587761083312):0.25688888680507366):1.991873179523941)#H24:::0.9093462603796145):1.2718761502657656,((Xandersi,((((((Xgordoni,Xmeyeri):0.2576979968454652,Xcouchianus):3.52695026027786,Xvariatus):0.6442149981428059,Xevelynae):0.46248069449744406,Xmilleri):0.22019422790040408,Xxiphidium):0.3419695269946709):0.37545412562803254,(Xmaculatus,#H24:::0.09065373962038543):6.000222853249391):0.668317222133248):2.1814951456621836,((Xcontinens,Xpygmaeus):1.9686702036169064,(Xnigrensis,Xmultilineatus):1.4501798265013253):2.4269158258084116):0.4925743105146781):0.6907085387852536):0.8931592802456744); 
with -loglik 11421.24883826551
