optimization of topology, BL and inheritance probabilities using:
 hmax = 1,
 tolerance parameters: ftolRel=1.0e-6, ftolAbs=1.0e-6,
                       xtolAbs=0.001, xtolRel=0.01.
 max number of failed proposals = 75, liktolAbs = 1.0e-6.
rootname for files: net1_4
BEGIN: 1 runs on starting tree (Xbirchmanni_GARC,Xmalinche_CHIC2,(Xcortezi,(Xmontezumae,((((((Xalvarezi,Xmayae):0.335769895163157,Xhellerii):0.25701275636376913,Xsignum):1.868517433990161,(Xclemenciae_F2,Xmonticolus):1.4568062051783408):0.989395317723853,((((((((Xgordoni,Xmeyeri):0.26106315330686575,Xcouchianus):3.526325059236554,Xvariatus):0.6440449515447828,Xevelynae):0.46241876664792825,Xmilleri):0.22069043217601236,Xxiphidium):0.34185028479102253,Xandersi):0.41306571310159573,Xmaculatus):0.5628328916430533):2.2239077866337014,((Xcontinens,Xpygmaeus):1.9686118609434138,(Xnigrensis,Xmultilineatus):1.4508641693320588):2.4277722089992824):0.4925828367432325):0.6902608624421183):0.8942084566388452);

main seed 55142
seed: 55142 for run 1
2017-06-30 7:4:25.457

 BEGIN SNaQ for run 1, seed 55142 and hmax 1 changed starting topology by NNI move

Begins heuristic optimization of network------

found best network, now we re-optimize branch lengths and gamma more precisely
STOPPED by number of failures criteria
END optTopLevel: found minimizer topology at step 143 (failures: 75) with -loglik=10428.77503 and ht_min=[0.12586,0.33624,0.25557,1.87054,1.45548,0.97406,0.26257,3.52818,0.64211,0.7974,0.45228,0.58028,0.01595,0.46232,0.61183,0.49205,1.45052,1.96452,2.4269,0.69001,0.8953,1.50828]
PERFORMANCE: total number of moves (proposed, successful, accepted) in general, and to fix gamma=0.0,t=0.0 cases
	--------moves general--------				 --------moves gamma,t------	
move	 Num.Proposed	 Num.Successful	 Num.Accepted	 | Num.Proposed	 Num.Successful	 Num.Accepted
add		 1		 1		 1	 |	 NA 		 NA 		 NA 
mvorigin	 36		 36		 8	 |	 0		 0		 --
mvtarget	 38		 38		 4	 |	 0		 0		 --
chdir		 21		 21		 1	 |	 0		 0		 --
delete		 0		 0		 0	 |	 0		 0		 --
nni		 47		 47		 0	 |	 1		 1		 --
Total		 143		 143		 14	 |	 1		 1		 1
Proportion	 -- 		 1.0		 0.1	 |	 -- 		 1.0		 1.0

 FINISHED SNaQ for run 1, -loglik of best 10428.77503037327
(Xbirchmanni_GARC,Xmalinche_CHIC2,(Xcortezi,(Xmontezumae,(((Xmultilineatus,Xnigrensis):1.450519362269726,(Xcontinens,Xpygmaeus):1.9645232607606415):2.42690233547128,((((((Xalvarezi,Xmayae):0.33623930937732965,Xhellerii):0.25556719180928017,Xsignum):1.8705412802151224,(Xclemenciae_F2,Xmonticolus):1.4554767710010204):0.9740637041599898,(Xmaculatus,(Xandersi,((Xmilleri,(((Xcouchianus,(Xgordoni,Xmeyeri):0.262574647644654):3.528182449228243,Xvariatus):0.6421120376993218,Xevelynae):0.45227608650808354):0.015947788987476147,(Xxiphidium)#H24:::0.8741360262681808):0.5802846299278577):0.4623191087363133):0.6118312267471245):1.5082845140584715,#H24:::0.1258639737318192):0.7974038403844008):0.492051194410688):0.6900109668222766):0.8952952961343582);
---------------------

2017-07-01 0:31:36.37
MaxNet is (Xbirchmanni_GARC,Xmalinche_CHIC2,(Xcortezi,(Xmontezumae,(((Xmultilineatus,Xnigrensis):1.450519362269726,(Xcontinens,Xpygmaeus):1.9645232607606415):2.42690233547128,((((((Xalvarezi,Xmayae):0.33623930937732965,Xhellerii):0.25556719180928017,Xsignum):1.8705412802151224,(Xclemenciae_F2,Xmonticolus):1.4554767710010204):0.9740637041599898,(Xmaculatus,(Xandersi,((Xmilleri,(((Xcouchianus,(Xgordoni,Xmeyeri):0.262574647644654):3.528182449228243,Xvariatus):0.6421120376993218,Xevelynae):0.45227608650808354):0.015947788987476147,(Xxiphidium)#H24:::0.8741360262681808):0.5802846299278577):0.4623191087363133):0.6118312267471245):1.5082845140584715,#H24:::0.1258639737318192):0.7974038403844008):0.492051194410688):0.6900109668222766):0.8952952961343582); 
with -loglik 10428.77503037327
