optimization of topology, BL and inheritance probabilities using:
 hmax = 1,
 tolerance parameters: ftolRel=1.0e-6, ftolAbs=1.0e-6,
                       xtolAbs=0.001, xtolRel=0.01.
 max number of failed proposals = 75, liktolAbs = 1.0e-6.
rootname for files: net1_1
BEGIN: 1 runs on starting tree (Xbirchmanni_GARC,Xmalinche_CHIC2,(Xcortezi,(Xmontezumae,((((((Xalvarezi,Xmayae):0.335769895163157,Xhellerii):0.25701275636376913,Xsignum):1.868517433990161,(Xclemenciae_F2,Xmonticolus):1.4568062051783408):0.989395317723853,((((((((Xgordoni,Xmeyeri):0.26106315330686575,Xcouchianus):3.526325059236554,Xvariatus):0.6440449515447828,Xevelynae):0.46241876664792825,Xmilleri):0.22069043217601236,Xxiphidium):0.34185028479102253,Xandersi):0.41306571310159573,Xmaculatus):0.5628328916430533):2.2239077866337014,((Xcontinens,Xpygmaeus):1.9686118609434138,(Xnigrensis,Xmultilineatus):1.4508641693320588):2.4277722089992824):0.4925828367432325):0.6902608624421183):0.8942084566388452);

main seed 88549
seed: 88549 for run 1
2017-06-30 7:3:38.313

 BEGIN SNaQ for run 1, seed 88549 and hmax 1
Begins heuristic optimization of network------

found best network, now we re-optimize branch lengths and gamma more precisely
STOPPED by number of failures criteria
END optTopLevel: found minimizer topology at step 131 (failures: 75) with -loglik=12156.57301 and ht_min=[0.00568,0.33479,0.25663,0.99404,1.86829,2.26876,0.25744,3.52806,0.64442,0.46227,0.22045,0.34235,0.41263,0.13435,0.56142,0.69201,1.42179,2.64559,0.48642,0.69006,0.89381,0.76499,2.24931,0.00634]
PERFORMANCE: total number of moves (proposed, successful, accepted) in general, and to fix gamma=0.0,t=0.0 cases
	--------moves general--------				 --------moves gamma,t------	
move	 Num.Proposed	 Num.Successful	 Num.Accepted	 | Num.Proposed	 Num.Successful	 Num.Accepted
add		 1		 1		 1	 |	 NA 		 NA 		 NA 
mvorigin	 39		 39		 3	 |	 0		 0		 --
mvtarget	 32		 32		 2	 |	 0		 0		 --
chdir		 17		 17		 1	 |	 0		 0		 --
delete		 0		 0		 0	 |	 0		 0		 --
nni		 42		 39		 0	 |	 0		 0		 --
Total		 131		 128		 7	 |	 0		 0		 0
Proportion	 -- 		 1.0		 0.1	 |	 -- 		 0.0		 0.0

 FINISHED SNaQ for run 1, -loglik of best 12156.57301344584
(Xbirchmanni_GARC,Xmalinche_CHIC2,(Xcortezi,(Xmontezumae,(((Xnigrensis,Xmultilineatus):1.4217857867593544,((Xcontinens,Xpygmaeus):0.13435265715678033)#H24:2.249314827312563::0.9943193514338317):2.6455915698150734,(((((((((Xgordoni,Xmeyeri):0.2574429201638534,Xcouchianus):3.5280584390205156,Xvariatus):0.6444223490215978,Xevelynae):0.46227038577499213,Xmilleri):0.22045487733907115,Xxiphidium):0.34234562965463256,Xandersi):0.4126305970585635,Xmaculatus):0.561422479107986,((((Xalvarezi,Xmayae):0.3347924932836801,Xhellerii):0.2566343645891735,Xsignum):1.8682867839041821,((Xclemenciae_F2,Xmonticolus):0.6920059845910036,#H24:0.0063393298967394825::0.00568064856616838):0.764988622251437):0.9940409898428404):2.2687593475292043):0.4864155636125193):0.6900627266167013):0.8938110624134449);
---------------------

2017-06-30 12:31:31.666
MaxNet is (Xbirchmanni_GARC,Xmalinche_CHIC2,(Xcortezi,(Xmontezumae,(((Xnigrensis,Xmultilineatus):1.4217857867593544,((Xcontinens,Xpygmaeus):0.13435265715678033)#H24:2.249314827312563::0.9943193514338317):2.6455915698150734,(((((((((Xgordoni,Xmeyeri):0.2574429201638534,Xcouchianus):3.5280584390205156,Xvariatus):0.6444223490215978,Xevelynae):0.46227038577499213,Xmilleri):0.22045487733907115,Xxiphidium):0.34234562965463256,Xandersi):0.4126305970585635,Xmaculatus):0.561422479107986,((((Xalvarezi,Xmayae):0.3347924932836801,Xhellerii):0.2566343645891735,Xsignum):1.8682867839041821,((Xclemenciae_F2,Xmonticolus):0.6920059845910036,#H24:0.0063393298967394825::0.00568064856616838):0.764988622251437):0.9940409898428404):2.2687593475292043):0.4864155636125193):0.6900627266167013):0.8938110624134449); 
with -loglik 12156.57301344584
