optimization of topology, BL and inheritance probabilities using:
 hmax = 1,
 tolerance parameters: ftolRel=1.0e-6, ftolAbs=1.0e-6,
                       xtolAbs=0.001, xtolRel=0.01.
 max number of failed proposals = 75, liktolAbs = 1.0e-6.
rootname for files: net1_7
BEGIN: 1 runs on starting tree (Xbirchmanni_GARC,Xmalinche_CHIC2,(Xcortezi,(Xmontezumae,((((((Xalvarezi,Xmayae):0.335769895163157,Xhellerii):0.25701275636376913,Xsignum):1.868517433990161,(Xclemenciae_F2,Xmonticolus):1.4568062051783408):0.989395317723853,((((((((Xgordoni,Xmeyeri):0.26106315330686575,Xcouchianus):3.526325059236554,Xvariatus):0.6440449515447828,Xevelynae):0.46241876664792825,Xmilleri):0.22069043217601236,Xxiphidium):0.34185028479102253,Xandersi):0.41306571310159573,Xmaculatus):0.5628328916430533):2.2239077866337014,((Xcontinens,Xpygmaeus):1.9686118609434138,(Xnigrensis,Xmultilineatus):1.4508641693320588):2.4277722089992824):0.4925828367432325):0.6902608624421183):0.8942084566388452);

main seed 51568
seed: 51568 for run 1
2017-06-30 7:5:32.642

 BEGIN SNaQ for run 1, seed 51568 and hmax 1
Begins heuristic optimization of network------

found best network, now we re-optimize branch lengths and gamma more precisely
STOPPED by number of failures criteria
END optTopLevel: found minimizer topology at step 99 (failures: 75) with -loglik=11746.56915 and ht_min=[0.01365,0.09366,0.33576,0.25782,1.86788,1.45688,0.97724,0.2612,3.52433,0.64743,0.24958,0.35752,0.43444,1.30729,0.59318,2.39332,1.96931,1.45144,2.41724,0.50517,0.71754,0.93549]
PERFORMANCE: total number of moves (proposed, successful, accepted) in general, and to fix gamma=0.0,t=0.0 cases
	--------moves general--------				 --------moves gamma,t------	
move	 Num.Proposed	 Num.Successful	 Num.Accepted	 | Num.Proposed	 Num.Successful	 Num.Accepted
add		 3		 3		 1	 |	 NA 		 NA 		 NA 
mvorigin	 27		 27		 4	 |	 0		 0		 --
mvtarget	 20		 20		 0	 |	 0		 0		 --
chdir		 7		 7		 1	 |	 0		 0		 --
delete		 0		 0		 0	 |	 0		 0		 --
nni		 42		 41		 0	 |	 0		 0		 --
Total		 99		 98		 6	 |	 0		 0		 0
Proportion	 -- 		 1.0		 0.1	 |	 -- 		 0.0		 0.0

 FINISHED SNaQ for run 1, -loglik of best 11746.56914621428
(Xmalinche_CHIC2,(Xcortezi,(Xmontezumae,((((((Xalvarezi,Xmayae):0.335757083524699,Xhellerii):0.2578223571386388,Xsignum):1.8678777636565524,(Xclemenciae_F2,Xmonticolus):1.45688470704709):0.9772389902339124,(Xmaculatus,(Xandersi,(Xxiphidium,(Xmilleri,(((((Xgordoni,Xmeyeri):0.261198351250346,Xcouchianus):3.5243296440213467,Xvariatus):0.6474283603683005,Xevelynae):0.09365879729129699)#H24:::0.9863537520229432):0.24957977734103748):0.3575187799638394):0.4344366952583104):0.5931834776519487):2.3933183411049814,((Xcontinens,Xpygmaeus):1.9693129408162187,(Xnigrensis,Xmultilineatus):1.4514370457770847):2.417238345455328):0.5051739998830314):0.7175397466399964):0.9354908772097623,(Xbirchmanni_GARC,#H24:::0.013646247977056844):1.3072908050028118);
---------------------

2017-06-30 21:6:59.487
MaxNet is (Xmalinche_CHIC2,(Xcortezi,(Xmontezumae,((((((Xalvarezi,Xmayae):0.335757083524699,Xhellerii):0.2578223571386388,Xsignum):1.8678777636565524,(Xclemenciae_F2,Xmonticolus):1.45688470704709):0.9772389902339124,(Xmaculatus,(Xandersi,(Xxiphidium,(Xmilleri,(((((Xgordoni,Xmeyeri):0.261198351250346,Xcouchianus):3.5243296440213467,Xvariatus):0.6474283603683005,Xevelynae):0.09365879729129699)#H24:::0.9863537520229432):0.24957977734103748):0.3575187799638394):0.4344366952583104):0.5931834776519487):2.3933183411049814,((Xcontinens,Xpygmaeus):1.9693129408162187,(Xnigrensis,Xmultilineatus):1.4514370457770847):2.417238345455328):0.5051739998830314):0.7175397466399964):0.9354908772097623,(Xbirchmanni_GARC,#H24:::0.013646247977056844):1.3072908050028118); 
with -loglik 11746.56914621428
