optimization of topology, BL and inheritance probabilities using:
 hmax = 1,
 tolerance parameters: ftolRel=1.0e-6, ftolAbs=1.0e-6,
                       xtolAbs=0.001, xtolRel=0.01.
 max number of failed proposals = 75, liktolAbs = 1.0e-6.
rootname for files: net1_2
BEGIN: 1 runs on starting tree (Xbirchmanni_GARC,Xmalinche_CHIC2,(Xcortezi,(Xmontezumae,((((((Xalvarezi,Xmayae):0.335769895163157,Xhellerii):0.25701275636376913,Xsignum):1.868517433990161,(Xclemenciae_F2,Xmonticolus):1.4568062051783408):0.989395317723853,((((((((Xgordoni,Xmeyeri):0.26106315330686575,Xcouchianus):3.526325059236554,Xvariatus):0.6440449515447828,Xevelynae):0.46241876664792825,Xmilleri):0.22069043217601236,Xxiphidium):0.34185028479102253,Xandersi):0.41306571310159573,Xmaculatus):0.5628328916430533):2.2239077866337014,((Xcontinens,Xpygmaeus):1.9686118609434138,(Xnigrensis,Xmultilineatus):1.4508641693320588):2.4277722089992824):0.4925828367432325):0.6902608624421183):0.8942084566388452);

main seed 30802
seed: 30802 for run 1
2017-06-30 7:4:2.857

 BEGIN SNaQ for run 1, seed 30802 and hmax 1 changed starting topology by NNI move

Begins heuristic optimization of network------

found best network, now we re-optimize branch lengths and gamma more precisely
STOPPED by number of failures criteria
END optTopLevel: found minimizer topology at step 118 (failures: 75) with -loglik=12154.216 and ht_min=[0.00279,0.33555,0.25747,1.86849,1.45638,0.98809,0.26001,3.57928,0.64803,0.46416,0.22149,0.34347,0.41506,0.56534,2.2541,1.61354,1.94845,2.56926,0.48893,0.68986,0.8934,1.0e-5,0.0,3.84469]
PERFORMANCE: total number of moves (proposed, successful, accepted) in general, and to fix gamma=0.0,t=0.0 cases
	--------moves general--------				 --------moves gamma,t------	
move	 Num.Proposed	 Num.Successful	 Num.Accepted	 | Num.Proposed	 Num.Successful	 Num.Accepted
add		 1		 1		 1	 |	 NA 		 NA 		 NA 
mvorigin	 36		 36		 12	 |	 0		 0		 --
mvtarget	 37		 37		 3	 |	 0		 0		 --
chdir		 10		 10		 0	 |	 0		 0		 --
delete		 0		 0		 0	 |	 0		 0		 --
nni		 34		 33		 0	 |	 1		 1		 --
Total		 118		 117		 16	 |	 1		 1		 1
Proportion	 -- 		 1.0		 0.1	 |	 -- 		 1.0		 1.0

 FINISHED SNaQ for run 1, -loglik of best 12154.216001033717
(Xbirchmanni_GARC,Xmalinche_CHIC2,(Xcortezi,(Xmontezumae,((((((Xalvarezi,Xmayae):0.33554980360505354,Xhellerii):0.2574682919086511,Xsignum):1.8684878810259027,(Xclemenciae_F2,Xmonticolus):1.4563787272891267):0.9880876506001042,(((((((Xcouchianus,((Xgordoni,Xmeyeri):8.31714410242079e-6,#H24:3.84468881734652::0.002794782607831178):0.26001015882902506):3.5792769515513716,Xvariatus):0.648033299285825,Xevelynae):0.46415845942458306,Xmilleri):0.22149479151540974,Xxiphidium):0.3434671867389615,Xandersi):0.41506076776770995,Xmaculatus):0.5653417397796594):2.2541047415720965,((Xpygmaeus,Xcontinens):1.9484466739889135,((Xnigrensis,Xmultilineatus):0.0)#H24:1.6135389629274033::0.9972052173921688):2.5692569642518412):0.4889328254838776):0.689860795936566):0.8934041004300651);
---------------------

2017-06-30 12:37:40.849
MaxNet is (Xbirchmanni_GARC,Xmalinche_CHIC2,(Xcortezi,(Xmontezumae,((((((Xalvarezi,Xmayae):0.33554980360505354,Xhellerii):0.2574682919086511,Xsignum):1.8684878810259027,(Xclemenciae_F2,Xmonticolus):1.4563787272891267):0.9880876506001042,(((((((Xcouchianus,((Xgordoni,Xmeyeri):8.31714410242079e-6,#H24:3.84468881734652::0.002794782607831178):0.26001015882902506):3.5792769515513716,Xvariatus):0.648033299285825,Xevelynae):0.46415845942458306,Xmilleri):0.22149479151540974,Xxiphidium):0.3434671867389615,Xandersi):0.41506076776770995,Xmaculatus):0.5653417397796594):2.2541047415720965,((Xpygmaeus,Xcontinens):1.9484466739889135,((Xnigrensis,Xmultilineatus):0.0)#H24:1.6135389629274033::0.9972052173921688):2.5692569642518412):0.4889328254838776):0.689860795936566):0.8934041004300651); 
with -loglik 12154.216001033717
