optimization of topology, BL and inheritance probabilities using:
 hmax = 2,
 tolerance parameters: ftolRel=1.0e-6, ftolAbs=1.0e-6,
                       xtolAbs=0.001, xtolRel=0.01.
 max number of failed proposals = 75, liktolAbs = 1.0e-6.
rootname for files: net2_9
BEGIN: 1 runs on starting tree (Xalvarezi,Xmayae,(Xhellerii,(Xsignum,((Xclemenciae_F2,Xmonticolus):1.4552041214707416,(((((((((Xgordoni,Xmeyeri):0.2609873101734162,Xcouchianus):3.528063280805239,Xvariatus):0.6446279089286899,Xevelynae):0.462284368652192,Xmilleri):0.15800582733701732,(Xxiphidium,#H24:1.0::0.17643906087780342):1.1198276366293516):0.49283646032809314,Xandersi):0.6432655641682358,Xmaculatus):1.025780855129809,(((Xmontezumae,(Xcortezi,(Xbirchmanni_GARC,Xmalinche_CHIC2):0.8943065261646596):0.6903951873120144):0.4926049347387669,((Xnigrensis,Xmultilineatus):1.4508249886879712,(Xpygmaeus,Xcontinens):1.9686623551644915):2.4280738607161476):1.684904995871621)#H24:1.0::0.8235609391221965):0.7799246954466896):1.8655924988330903):0.2570158690012912):0.33572199673987246);

main seed 587
seed: 587 for run 1
2017-07-03 5:45:55.533

 BEGIN SNaQ for run 1, seed 587 and hmax 2
Begins heuristic optimization of network------

found best network, now we re-optimize branch lengths and gamma more precisely
STOPPED by number of failures criteria
END optTopLevel: found minimizer topology at step 117 (failures: 75) with -loglik=8014.52063 and ht_min=[0.16538,0.03249,0.28227,1.48588,0.26111,3.53256,0.64455,0.4122,0.29213,0.0,1.402,0.46887,0.64926,1.02005,0.8943,0.69036,0.49263,1.45082,1.96865,2.42807,2.04351,0.64765,0.78166,1.98414,0.31615,0.97912]
PERFORMANCE: total number of moves (proposed, successful, accepted) in general, and to fix gamma=0.0,t=0.0 cases
	--------moves general--------				 --------moves gamma,t------	
move	 Num.Proposed	 Num.Successful	 Num.Accepted	 | Num.Proposed	 Num.Successful	 Num.Accepted
add		 1		 1		 1	 |	 NA 		 NA 		 NA 
mvorigin	 34		 34		 1	 |	 0		 0		 --
mvtarget	 33		 33		 0	 |	 0		 0		 --
chdir		 19		 19		 1	 |	 0		 0		 --
delete		 0		 0		 0	 |	 0		 0		 --
nni		 30		 29		 1	 |	 0		 0		 --
Total		 117		 116		 4	 |	 0		 0		 0
Proportion	 -- 		 1.0		 0.0	 |	 -- 		 0.0		 0.0

 FINISHED SNaQ for run 1, -loglik of best 8014.520630077036
(Xalvarezi,Xmayae,((Xsignum,((Xmonticolus,(Xclemenciae_F2,#H25:::0.032485577051040423):0.979116879342896):1.4858786525152954,(((((((((Xgordoni,Xmeyeri):0.26111415598145865,Xcouchianus):3.5325554148283564,Xvariatus):0.6445452395880061,Xevelynae):0.41219807813960146,(Xxiphidium,#H24:0.0::0.16538333427567822):1.4020042304402076):0.2921320715527958,Xmilleri):0.4688709909949548,Xandersi):0.6492623942884177,Xmaculatus):1.0200542801748702,(((Xmontezumae,(Xcortezi,(Xbirchmanni_GARC,Xmalinche_CHIC2):0.8943004029517725):0.6903622798656042):0.4926275928330048,((Xnigrensis,Xmultilineatus):1.4508210422790195,(Xpygmaeus,Xcontinens):1.9686498919562234):2.428065080719157):2.0435103751744865)#H24:0.6476450483433508::0.8346166657243218):0.7816554661308311):1.9841381634366537):0.31614675520900004,(Xhellerii)#H25:::0.9675144229489596):0.28226883225049243);
---------------------

2017-07-04 17:52:56.387
MaxNet is (Xalvarezi,Xmayae,((Xsignum,((Xmonticolus,(Xclemenciae_F2,#H25:::0.032485577051040423):0.979116879342896):1.4858786525152954,(((((((((Xgordoni,Xmeyeri):0.26111415598145865,Xcouchianus):3.5325554148283564,Xvariatus):0.6445452395880061,Xevelynae):0.41219807813960146,(Xxiphidium,#H24:0.0::0.16538333427567822):1.4020042304402076):0.2921320715527958,Xmilleri):0.4688709909949548,Xandersi):0.6492623942884177,Xmaculatus):1.0200542801748702,(((Xmontezumae,(Xcortezi,(Xbirchmanni_GARC,Xmalinche_CHIC2):0.8943004029517725):0.6903622798656042):0.4926275928330048,((Xnigrensis,Xmultilineatus):1.4508210422790195,(Xpygmaeus,Xcontinens):1.9686498919562234):2.428065080719157):2.0435103751744865)#H24:0.6476450483433508::0.8346166657243218):0.7816554661308311):1.9841381634366537):0.31614675520900004,(Xhellerii)#H25:::0.9675144229489596):0.28226883225049243); 
with -loglik 8014.520630077036
