optimization of topology, BL and inheritance probabilities using:
 hmax = 2,
 tolerance parameters: ftolRel=1.0e-6, ftolAbs=1.0e-6,
                       xtolAbs=0.001, xtolRel=0.01.
 max number of failed proposals = 75, liktolAbs = 1.0e-6.
rootname for files: net2_2
BEGIN: 1 runs on starting tree (Xalvarezi,Xmayae,(Xhellerii,(Xsignum,((Xclemenciae_F2,Xmonticolus):1.4552041214707416,(((((((((Xgordoni,Xmeyeri):0.2609873101734162,Xcouchianus):3.528063280805239,Xvariatus):0.6446279089286899,Xevelynae):0.462284368652192,Xmilleri):0.15800582733701732,(Xxiphidium,#H24:1.0::0.17643906087780342):1.1198276366293516):0.49283646032809314,Xandersi):0.6432655641682358,Xmaculatus):1.025780855129809,(((Xmontezumae,(Xcortezi,(Xbirchmanni_GARC,Xmalinche_CHIC2):0.8943065261646596):0.6903951873120144):0.4926049347387669,((Xnigrensis,Xmultilineatus):1.4508249886879712,(Xpygmaeus,Xcontinens):1.9686623551644915):2.4280738607161476):1.684904995871621)#H24:1.0::0.8235609391221965):0.7799246954466896):1.8655924988330903):0.2570158690012912):0.33572199673987246);

main seed 89268
seed: 89268 for run 1
2017-07-03 5:42:57.866

 BEGIN SNaQ for run 1, seed 89268 and hmax 2 changed starting topology by NNI move

 changed starting network by move origin
Begins heuristic optimization of network------

found best network, now we re-optimize branch lengths and gamma more precisely
STOPPED by number of failures criteria
END optTopLevel: found minimizer topology at step 199 (failures: 75) with -loglik=8518.41789 and ht_min=[0.17723,0.02555,1.45578,0.26124,3.52589,0.64418,0.46173,0.15363,1.13341,2.0e-5,0.49669,0.64324,1.02749,0.70203,0.89014,0.50115,1.85306,1.92907,2.68221,2.00354,0.76293,0.78177,1.8659,0.25656,0.33621,1.94844]
PERFORMANCE: total number of moves (proposed, successful, accepted) in general, and to fix gamma=0.0,t=0.0 cases
	--------moves general--------				 --------moves gamma,t------	
move	 Num.Proposed	 Num.Successful	 Num.Accepted	 | Num.Proposed	 Num.Successful	 Num.Accepted
add		 1		 1		 1	 |	 NA 		 NA 		 NA 
mvorigin	 58		 58		 6	 |	 0		 0		 --
mvtarget	 54		 54		 1	 |	 0		 0		 --
chdir		 38		 38		 1	 |	 0		 0		 --
delete		 0		 0		 0	 |	 0		 0		 --
nni		 48		 46		 0	 |	 4		 4		 --
Total		 199		 197		 9	 |	 4		 4		 2
Proportion	 -- 		 1.0		 0.0	 |	 -- 		 1.0		 0.5

 FINISHED SNaQ for run 1, -loglik of best 8518.417885155692
(Xalvarezi,Xmayae,(Xhellerii,(Xsignum,((Xclemenciae_F2,Xmonticolus):1.4557780779819118,(((Xandersi,((((((Xgordoni,Xmeyeri):0.2612360187192017,Xcouchianus):3.5258940695188317,Xvariatus):0.6441817241053105,Xevelynae):0.4617310799841818,Xmilleri):0.1536263206951397,(#H24:1.7329894391228857e-5::0.1772306215340631,Xxiphidium):1.1334056137112374):0.49669451936172904):0.6432436098767873,Xmaculatus):1.027491506744315,(((Xmontezumae,((Xbirchmanni_GARC,Xmalinche_CHIC2):0.8901434928989304,(Xcortezi,#H25:::0.025545501540834084):1.9484449923917715):0.7020345049456369):0.501149613358203,((Xmultilineatus,(Xnigrensis)#H25:::0.9744544984591659):1.8530562543417004,(Xpygmaeus,Xcontinens):1.929072669510771):2.6822075294779673):2.0035351915234805)#H24:0.7629272433103167::0.8227693784659369):0.781769814375251):1.865896830941636):0.25655874441175763):0.33620973239931157);
---------------------

2017-07-04 6:34:27.371
MaxNet is (Xalvarezi,Xmayae,(Xhellerii,(Xsignum,((Xclemenciae_F2,Xmonticolus):1.4557780779819118,(((Xandersi,((((((Xgordoni,Xmeyeri):0.2612360187192017,Xcouchianus):3.5258940695188317,Xvariatus):0.6441817241053105,Xevelynae):0.4617310799841818,Xmilleri):0.1536263206951397,(#H24:1.7329894391228857e-5::0.1772306215340631,Xxiphidium):1.1334056137112374):0.49669451936172904):0.6432436098767873,Xmaculatus):1.027491506744315,(((Xmontezumae,((Xbirchmanni_GARC,Xmalinche_CHIC2):0.8901434928989304,(Xcortezi,#H25:::0.025545501540834084):1.9484449923917715):0.7020345049456369):0.501149613358203,((Xmultilineatus,(Xnigrensis)#H25:::0.9744544984591659):1.8530562543417004,(Xpygmaeus,Xcontinens):1.929072669510771):2.6822075294779673):2.0035351915234805)#H24:0.7629272433103167::0.8227693784659369):0.781769814375251):1.865896830941636):0.25655874441175763):0.33620973239931157); 
with -loglik 8518.417885155692
