optimization of topology, BL and inheritance probabilities using:
 hmax = 2,
 tolerance parameters: ftolRel=1.0e-6, ftolAbs=1.0e-6,
                       xtolAbs=0.001, xtolRel=0.01.
 max number of failed proposals = 75, liktolAbs = 1.0e-6.
rootname for files: net2_1
BEGIN: 1 runs on starting tree (Xalvarezi,Xmayae,(Xhellerii,(Xsignum,((Xclemenciae_F2,Xmonticolus):1.4552041214707416,(((((((((Xgordoni,Xmeyeri):0.2609873101734162,Xcouchianus):3.528063280805239,Xvariatus):0.6446279089286899,Xevelynae):0.462284368652192,Xmilleri):0.15800582733701732,(Xxiphidium,#H24:1.0::0.17643906087780342):1.1198276366293516):0.49283646032809314,Xandersi):0.6432655641682358,Xmaculatus):1.025780855129809,(((Xmontezumae,(Xcortezi,(Xbirchmanni_GARC,Xmalinche_CHIC2):0.8943065261646596):0.6903951873120144):0.4926049347387669,((Xnigrensis,Xmultilineatus):1.4508249886879712,(Xpygmaeus,Xcontinens):1.9686623551644915):2.4280738607161476):1.684904995871621)#H24:1.0::0.8235609391221965):0.7799246954466896):1.8655924988330903):0.2570158690012912):0.33572199673987246);

main seed 50914
seed: 50914 for run 1
2017-07-03 5:42:31.282

 BEGIN SNaQ for run 1, seed 50914 and hmax 2 changed starting topology by NNI move

 changed starting network by move origin
Begins heuristic optimization of network------

found best network, now we re-optimize branch lengths and gamma more precisely
STOPPED by number of failures criteria
END optTopLevel: found minimizer topology at step 91 (failures: 75) with -loglik=8533.09058 and ht_min=[0.17715,0.06433,1.45516,0.25968,3.52898,0.6446,0.46153,0.15352,0.0,1.13685,0.49691,0.64288,1.02709,0.89398,0.69038,0.49262,2.12364,2.24119,1.91239,2.01153,0.75739,0.78184,1.86619,0.25669,0.33543,0.5725]
PERFORMANCE: total number of moves (proposed, successful, accepted) in general, and to fix gamma=0.0,t=0.0 cases
	--------moves general--------				 --------moves gamma,t------	
move	 Num.Proposed	 Num.Successful	 Num.Accepted	 | Num.Proposed	 Num.Successful	 Num.Accepted
add		 1		 1		 1	 |	 NA 		 NA 		 NA 
mvorigin	 22		 22		 2	 |	 0		 0		 --
mvtarget	 25		 24		 0	 |	 0		 0		 --
chdir		 14		 11		 0	 |	 0		 0		 --
delete		 0		 0		 0	 |	 0		 0		 --
nni		 29		 29		 0	 |	 3		 3		 --
Total		 91		 87		 3	 |	 3		 3		 2
Proportion	 -- 		 1.0		 0.0	 |	 -- 		 1.0		 0.7

 FINISHED SNaQ for run 1, -loglik of best 8533.090583605417
(Xalvarezi,Xmayae,(Xhellerii,(Xsignum,((Xclemenciae_F2,Xmonticolus):1.4551614397777755,(((Xandersi,((((((Xgordoni,Xmeyeri):0.2596750649490073,Xcouchianus):3.5289838487775733,Xvariatus):0.6446038784369416,Xevelynae):0.46153112915252237,Xmilleri):0.1535152920861882,(Xxiphidium,#H24:0.0::0.1771458093261168):1.136849836372316):0.4969115251919956):0.6428807589713419,Xmaculatus):1.0270876273968854,(((Xmontezumae,(Xcortezi,(Xbirchmanni_GARC,Xmalinche_CHIC2):0.8939759451138757):0.6903822757361014):0.492617270632762,(((Xmultilineatus,(Xnigrensis)#H25:::0.9356724219379665):2.2411942464189414,(Xpygmaeus,Xcontinens):1.9123928776456174):2.1236394920708324,#H25:::0.0643275780620335):0.5724996329098128):2.01153496280959)#H24:0.7573863584409827::0.8228541906738832):0.7818398255522043):1.866187510008879):0.2566911674121184):0.3354331916374494);
---------------------

2017-07-04 12:9:45.097
MaxNet is (Xalvarezi,Xmayae,(Xhellerii,(Xsignum,((Xclemenciae_F2,Xmonticolus):1.4551614397777755,(((Xandersi,((((((Xgordoni,Xmeyeri):0.2596750649490073,Xcouchianus):3.5289838487775733,Xvariatus):0.6446038784369416,Xevelynae):0.46153112915252237,Xmilleri):0.1535152920861882,(Xxiphidium,#H24:0.0::0.1771458093261168):1.136849836372316):0.4969115251919956):0.6428807589713419,Xmaculatus):1.0270876273968854,(((Xmontezumae,(Xcortezi,(Xbirchmanni_GARC,Xmalinche_CHIC2):0.8939759451138757):0.6903822757361014):0.492617270632762,(((Xmultilineatus,(Xnigrensis)#H25:::0.9356724219379665):2.2411942464189414,(Xpygmaeus,Xcontinens):1.9123928776456174):2.1236394920708324,#H25:::0.0643275780620335):0.5724996329098128):2.01153496280959)#H24:0.7573863584409827::0.8228541906738832):0.7818398255522043):1.866187510008879):0.2566911674121184):0.3354331916374494); 
with -loglik 8533.090583605417
