optimization of topology, BL and inheritance probabilities using:
 hmax = 3,
 tolerance parameters: ftolRel=1.0e-6, ftolAbs=1.0e-6,
                       xtolAbs=0.001, xtolRel=0.01.
 max number of failed proposals = 75, liktolAbs = 1.0e-6.
rootname for files: net3_3
BEGIN: 1 runs on starting tree (Xalvarezi,Xmayae,((Xsignum,((Xmonticolus,(Xclemenciae_F2,#H25:::0.032485577051040423):0.979116879342896):1.4858786525152954,(((((((((Xgordoni,Xmeyeri):0.26111415598145865,Xcouchianus):3.5325554148283564,Xvariatus):0.6445452395880061,Xevelynae):0.41219807813960146,(Xxiphidium,#H24:0.0::0.16538333427567822):1.4020042304402076):0.2921320715527958,Xmilleri):0.4688709909949548,Xandersi):0.6492623942884177,Xmaculatus):1.0200542801748702,(((Xmontezumae,(Xcortezi,(Xbirchmanni_GARC,Xmalinche_CHIC2):0.8943004029517725):0.6903622798656042):0.4926275928330048,((Xnigrensis,Xmultilineatus):1.4508210422790195,(Xpygmaeus,Xcontinens):1.9686498919562234):2.428065080719157):2.0435103751744865)#H24:0.6476450483433508::0.8346166657243218):0.7816554661308311):1.9841381634366537):0.31614675520900004,(Xhellerii)#H25:::0.9675144229489596):0.28226883225049243);

main seed 48949
seed: 48949 for run 1
2017-07-05 4:38:4.455

 BEGIN SNaQ for run 1, seed 48949 and hmax 3 changed starting topology by NNI move

 changed starting network by move origin
Begins heuristic optimization of network------

found best network, now we re-optimize branch lengths and gamma more precisely
STOPPED by number of failures criteria
END optTopLevel: found minimizer topology at step 203 (failures: 75) with -loglik=8128.70845 and ht_min=[0.03263,0.1649,0.46794,1.16052,1.48653,0.26779,3.53219,0.64391,0.41244,9.7476,1.41845,0.29146,0.46906,0.64862,1.01785,2.42844,0.9109,0.34592,1.25297,1.44988,1.96789,2.0098,0.70245,0.78246,1.98431,0.31696,0.28174,0.00048]
PERFORMANCE: total number of moves (proposed, successful, accepted) in general, and to fix gamma=0.0,t=0.0 cases
	--------moves general--------				 --------moves gamma,t------	
move	 Num.Proposed	 Num.Successful	 Num.Accepted	 | Num.Proposed	 Num.Successful	 Num.Accepted
add		 1		 1		 1	 |	 NA 		 NA 		 NA 
mvorigin	 55		 55		 10	 |	 0		 0		 --
mvtarget	 48		 48		 0	 |	 0		 0		 --
chdir		 45		 41		 2	 |	 0		 0		 --
delete		 0		 0		 0	 |	 0		 0		 --
nni		 54		 51		 2	 |	 0		 0		 --
Total		 203		 196		 15	 |	 0		 0		 0
Proportion	 -- 		 1.0		 0.1	 |	 -- 		 0.0		 0.0

 FINISHED SNaQ for run 1, -loglik of best 8128.708449784322
(Xalvarezi,Xmayae,((Xsignum,(((((Xmilleri,(((((Xgordoni,Xmeyeri):0.26779346493578016,Xcouchianus):3.532185844563953,Xvariatus):0.6439118001080225,Xevelynae):0.41244410459069103,(Xxiphidium,#H24:9.747604479799792::0.1648962256357371):1.418451066174994):0.2914605859269548):0.4690620477333649,Xandersi):0.6486189692080806,Xmaculatus):1.0178473326569513,((((Xmalinche_CHIC2,Xbirchmanni_GARC):0.9109012687931874,(Xcortezi,#H26:::0.4679372254336577):0.34591811297280006):1.2529723256761642,(((Xnigrensis,Xmultilineatus):1.4498843666363175,(Xpygmaeus,Xcontinens):1.9678877772880707):2.4284394366825945,(Xmontezumae)#H26:::0.5320627745663423):0.0004750809505768383):2.009802320340538)#H24:0.7024525655445448::0.8351037743642629):0.7824571819966967,(Xmonticolus,(Xclemenciae_F2,#H25:::0.03263088799766313):1.1605167481914072):1.4865304820388103):1.9843096855451265):0.3169587081348418,(Xhellerii)#H25:::0.9673691120023369):0.2817408716763178);
---------------------

2017-07-06 0:28:9.44
MaxNet is (Xalvarezi,Xmayae,((Xsignum,(((((Xmilleri,(((((Xgordoni,Xmeyeri):0.26779346493578016,Xcouchianus):3.532185844563953,Xvariatus):0.6439118001080225,Xevelynae):0.41244410459069103,(Xxiphidium,#H24:9.747604479799792::0.1648962256357371):1.418451066174994):0.2914605859269548):0.4690620477333649,Xandersi):0.6486189692080806,Xmaculatus):1.0178473326569513,((((Xmalinche_CHIC2,Xbirchmanni_GARC):0.9109012687931874,(Xcortezi,#H26:::0.4679372254336577):0.34591811297280006):1.2529723256761642,(((Xnigrensis,Xmultilineatus):1.4498843666363175,(Xpygmaeus,Xcontinens):1.9678877772880707):2.4284394366825945,(Xmontezumae)#H26:::0.5320627745663423):0.0004750809505768383):2.009802320340538)#H24:0.7024525655445448::0.8351037743642629):0.7824571819966967,(Xmonticolus,(Xclemenciae_F2,#H25:::0.03263088799766313):1.1605167481914072):1.4865304820388103):1.9843096855451265):0.3169587081348418,(Xhellerii)#H25:::0.9673691120023369):0.2817408716763178); 
with -loglik 8128.708449784322
