optimization of topology, BL and inheritance probabilities using:
 hmax = 3,
 tolerance parameters: ftolRel=1.0e-6, ftolAbs=1.0e-6,
                       xtolAbs=0.001, xtolRel=0.01.
 max number of failed proposals = 75, liktolAbs = 1.0e-6.
rootname for files: net3_5
BEGIN: 1 runs on starting tree (Xalvarezi,Xmayae,((Xsignum,((Xmonticolus,(Xclemenciae_F2,#H25:::0.032485577051040423):0.979116879342896):1.4858786525152954,(((((((((Xgordoni,Xmeyeri):0.26111415598145865,Xcouchianus):3.5325554148283564,Xvariatus):0.6445452395880061,Xevelynae):0.41219807813960146,(Xxiphidium,#H24:0.0::0.16538333427567822):1.4020042304402076):0.2921320715527958,Xmilleri):0.4688709909949548,Xandersi):0.6492623942884177,Xmaculatus):1.0200542801748702,(((Xmontezumae,(Xcortezi,(Xbirchmanni_GARC,Xmalinche_CHIC2):0.8943004029517725):0.6903622798656042):0.4926275928330048,((Xnigrensis,Xmultilineatus):1.4508210422790195,(Xpygmaeus,Xcontinens):1.9686498919562234):2.428065080719157):2.0435103751744865)#H24:0.6476450483433508::0.8346166657243218):0.7816554661308311):1.9841381634366537):0.31614675520900004,(Xhellerii)#H25:::0.9675144229489596):0.28226883225049243);

main seed 40671
seed: 40671 for run 1
2017-07-05 4:38:19.545

 BEGIN SNaQ for run 1, seed 40671 and hmax 3
Begins heuristic optimization of network------

found best network, now we re-optimize branch lengths and gamma more precisely
STOPPED by number of failures criteria
END optTopLevel: found minimizer topology at step 212 (failures: 75) with -loglik=7854.03008 and ht_min=[0.03353,0.1654,0.02575,1.4836,0.59174,0.26037,3.53242,0.64441,0.41232,0.0,1.40252,0.29201,0.46894,0.64926,1.02008,0.70208,0.89017,0.50102,1.86019,1.92822,2.68441,2.0388,0.64406,0.78177,1.98681,0.31844,0.28026,1.55394]
PERFORMANCE: total number of moves (proposed, successful, accepted) in general, and to fix gamma=0.0,t=0.0 cases
	--------moves general--------				 --------moves gamma,t------	
move	 Num.Proposed	 Num.Successful	 Num.Accepted	 | Num.Proposed	 Num.Successful	 Num.Accepted
add		 4		 4		 1	 |	 NA 		 NA 		 NA 
mvorigin	 50		 50		 9	 |	 0		 0		 --
mvtarget	 50		 50		 0	 |	 0		 0		 --
chdir		 47		 47		 0	 |	 0		 0		 --
delete		 0		 0		 0	 |	 0		 0		 --
nni		 61		 56		 0	 |	 0		 0		 --
Total		 212		 207		 10	 |	 0		 0		 0
Proportion	 -- 		 1.0		 0.0	 |	 -- 		 0.0		 0.0

 FINISHED SNaQ for run 1, -loglik of best 7854.03008389567
(Xalvarezi,Xmayae,((Xsignum,((((((((((Xgordoni,Xmeyeri):0.2603667684152085,Xcouchianus):3.5324187041697725,Xvariatus):0.6444088442755551,Xevelynae):0.4123174199991918,(Xxiphidium,#H24:0.0::0.16539663974812194):1.4025205299688164):0.29201310443819395,Xmilleri):0.46893683402108505,Xandersi):0.6492639534966017,Xmaculatus):1.0200802497017738,(((Xmontezumae,((Xbirchmanni_GARC,Xmalinche_CHIC2):0.8901733720878604,(Xcortezi,#H26:::0.02574529336958504):1.5539416512778619):0.7020810240095305):0.5010154696188898,((Xmultilineatus,(Xnigrensis)#H26:::0.9742547066304149):1.8601932987974836,(Xpygmaeus,Xcontinens):1.9282178983424672):2.6844084283720577):2.0388041788878137)#H24:0.6440635372834365::0.8346033602518781):0.781766226204821,((Xclemenciae_F2,#H25:::0.03352961691075174):0.5917431953252277,Xmonticolus):1.4835957293696598):1.9868074904991273):0.31844295359450475,(Xhellerii)#H25:::0.9664703830892483):0.28025663198740386);
---------------------

2017-07-07 14:53:9.791
MaxNet is (Xalvarezi,Xmayae,((Xsignum,((((((((((Xgordoni,Xmeyeri):0.2603667684152085,Xcouchianus):3.5324187041697725,Xvariatus):0.6444088442755551,Xevelynae):0.4123174199991918,(Xxiphidium,#H24:0.0::0.16539663974812194):1.4025205299688164):0.29201310443819395,Xmilleri):0.46893683402108505,Xandersi):0.6492639534966017,Xmaculatus):1.0200802497017738,(((Xmontezumae,((Xbirchmanni_GARC,Xmalinche_CHIC2):0.8901733720878604,(Xcortezi,#H26:::0.02574529336958504):1.5539416512778619):0.7020810240095305):0.5010154696188898,((Xmultilineatus,(Xnigrensis)#H26:::0.9742547066304149):1.8601932987974836,(Xpygmaeus,Xcontinens):1.9282178983424672):2.6844084283720577):2.0388041788878137)#H24:0.6440635372834365::0.8346033602518781):0.781766226204821,((Xclemenciae_F2,#H25:::0.03352961691075174):0.5917431953252277,Xmonticolus):1.4835957293696598):1.9868074904991273):0.31844295359450475,(Xhellerii)#H25:::0.9664703830892483):0.28025663198740386); 
with -loglik 7854.03008389567
