optimization of topology, BL and inheritance probabilities using:
 hmax = 3,
 tolerance parameters: ftolRel=1.0e-6, ftolAbs=1.0e-6,
                       xtolAbs=0.001, xtolRel=0.01.
 max number of failed proposals = 75, liktolAbs = 1.0e-6.
rootname for files: net3_4
BEGIN: 1 runs on starting tree (Xalvarezi,Xmayae,((Xsignum,((Xmonticolus,(Xclemenciae_F2,#H25:::0.032485577051040423):0.979116879342896):1.4858786525152954,(((((((((Xgordoni,Xmeyeri):0.26111415598145865,Xcouchianus):3.5325554148283564,Xvariatus):0.6445452395880061,Xevelynae):0.41219807813960146,(Xxiphidium,#H24:0.0::0.16538333427567822):1.4020042304402076):0.2921320715527958,Xmilleri):0.4688709909949548,Xandersi):0.6492623942884177,Xmaculatus):1.0200542801748702,(((Xmontezumae,(Xcortezi,(Xbirchmanni_GARC,Xmalinche_CHIC2):0.8943004029517725):0.6903622798656042):0.4926275928330048,((Xnigrensis,Xmultilineatus):1.4508210422790195,(Xpygmaeus,Xcontinens):1.9686498919562234):2.428065080719157):2.0435103751744865)#H24:0.6476450483433508::0.8346166657243218):0.7816554661308311):1.9841381634366537):0.31614675520900004,(Xhellerii)#H25:::0.9675144229489596):0.28226883225049243);

main seed 21226
seed: 21226 for run 1
2017-07-05 4:38:12.666

 BEGIN SNaQ for run 1, seed 21226 and hmax 3
Begins heuristic optimization of network------

found best network, now we re-optimize branch lengths and gamma more precisely
STOPPED by number of failures criteria
END optTopLevel: found minimizer topology at step 102 (failures: 75) with -loglik=8004.12897 and ht_min=[0.03201,0.16556,0.00768,0.97457,1.48638,0.60479,0.22116,4.15022,0.41292,0.0,1.39093,0.29041,0.47011,0.6496,1.0204,0.89279,0.69153,0.49269,1.44823,1.96528,2.42784,2.04948,0.63536,0.78141,1.98523,0.31432,0.2824,0.04291,0.05164,0.00283]
PERFORMANCE: total number of moves (proposed, successful, accepted) in general, and to fix gamma=0.0,t=0.0 cases
	--------moves general--------				 --------moves gamma,t------	
move	 Num.Proposed	 Num.Successful	 Num.Accepted	 | Num.Proposed	 Num.Successful	 Num.Accepted
add		 3		 3		 1	 |	 NA 		 NA 		 NA 
mvorigin	 32		 32		 0	 |	 0		 0		 --
mvtarget	 23		 23		 0	 |	 0		 0		 --
chdir		 25		 25		 1	 |	 0		 0		 --
delete		 0		 0		 0	 |	 0		 0		 --
nni		 19		 18		 0	 |	 0		 0		 --
Total		 102		 101		 2	 |	 0		 0		 0
Proportion	 -- 		 1.0		 0.0	 |	 -- 		 0.0		 0.0

 FINISHED SNaQ for run 1, -loglik of best 8004.128966871994
(Xgordoni,Xmeyeri,((Xcouchianus,(Xvariatus,((Xevelynae,((Xxiphidium,#H24:0.0::0.16556203971186134):1.3909300243204583,(Xmilleri,(Xandersi,(Xmaculatus,((((Xmontezumae,(Xcortezi,(Xbirchmanni_GARC,Xmalinche_CHIC2):0.892793684008432):0.6915309283537733):0.4926926607469135,((Xnigrensis,Xmultilineatus):1.4482315463991837,(Xpygmaeus,Xcontinens):1.965283249602309):2.4278435186679537):2.049478456397763)#H24:0.6353617989876506::0.8344379602881387,((Xmonticolus,(Xclemenciae_F2,#H25:::0.03200799781278673):0.974567137540921):1.4863755208752474,(Xsignum,((Xhellerii)#H25:::0.9679920021872133,(Xalvarezi,Xmayae):0.2823979779579395):0.31432274355708417):1.985231651955902):0.7814131459480541):1.020400087139595):0.6495997904448091):0.4701145380704121):0.29041153674718106):0.4129217440204357):0.6047858154138286)#H26:0.05163658603015613::0.9923199734588934):4.1502233765996746):0.04291155116607505,#H26:0.0028251217604790537::0.007680026541106535):0.2211618209409511);
---------------------

2017-07-05 16:26:33.801
MaxNet is (Xgordoni,Xmeyeri,((Xcouchianus,(Xvariatus,((Xevelynae,((Xxiphidium,#H24:0.0::0.16556203971186134):1.3909300243204583,(Xmilleri,(Xandersi,(Xmaculatus,((((Xmontezumae,(Xcortezi,(Xbirchmanni_GARC,Xmalinche_CHIC2):0.892793684008432):0.6915309283537733):0.4926926607469135,((Xnigrensis,Xmultilineatus):1.4482315463991837,(Xpygmaeus,Xcontinens):1.965283249602309):2.4278435186679537):2.049478456397763)#H24:0.6353617989876506::0.8344379602881387,((Xmonticolus,(Xclemenciae_F2,#H25:::0.03200799781278673):0.974567137540921):1.4863755208752474,(Xsignum,((Xhellerii)#H25:::0.9679920021872133,(Xalvarezi,Xmayae):0.2823979779579395):0.31432274355708417):1.985231651955902):0.7814131459480541):1.020400087139595):0.6495997904448091):0.4701145380704121):0.29041153674718106):0.4129217440204357):0.6047858154138286)#H26:0.05163658603015613::0.9923199734588934):4.1502233765996746):0.04291155116607505,#H26:0.0028251217604790537::0.007680026541106535):0.2211618209409511); 
with -loglik 8004.128966871994
