optimization of topology, BL and inheritance probabilities using:
 hmax = 3,
 tolerance parameters: ftolRel=1.0e-6, ftolAbs=1.0e-6,
                       xtolAbs=0.001, xtolRel=0.01.
 max number of failed proposals = 75, liktolAbs = 1.0e-6.
rootname for files: net3_10
BEGIN: 1 runs on starting tree (Xalvarezi,Xmayae,((Xsignum,((Xmonticolus,(Xclemenciae_F2,#H25:::0.032485577051040423):0.979116879342896):1.4858786525152954,(((((((((Xgordoni,Xmeyeri):0.26111415598145865,Xcouchianus):3.5325554148283564,Xvariatus):0.6445452395880061,Xevelynae):0.41219807813960146,(Xxiphidium,#H24:0.0::0.16538333427567822):1.4020042304402076):0.2921320715527958,Xmilleri):0.4688709909949548,Xandersi):0.6492623942884177,Xmaculatus):1.0200542801748702,(((Xmontezumae,(Xcortezi,(Xbirchmanni_GARC,Xmalinche_CHIC2):0.8943004029517725):0.6903622798656042):0.4926275928330048,((Xnigrensis,Xmultilineatus):1.4508210422790195,(Xpygmaeus,Xcontinens):1.9686498919562234):2.428065080719157):2.0435103751744865)#H24:0.6476450483433508::0.8346166657243218):0.7816554661308311):1.9841381634366537):0.31614675520900004,(Xhellerii)#H25:::0.9675144229489596):0.28226883225049243);

main seed 8835
seed: 8835 for run 1
2017-07-05 4:40:32.942

 BEGIN SNaQ for run 1, seed 8835 and hmax 3 changed starting topology by NNI move

Begins heuristic optimization of network------

found best network, now we re-optimize branch lengths and gamma more precisely
STOPPED by number of failures criteria
END optTopLevel: found minimizer topology at step 132 (failures: 75) with -loglik=7849.37662 and ht_min=[0.3575,0.16502,0.03272,1.32543,0.70582,0.26783,3.54177,0.64494,0.41197,0.00188,1.40249,0.29209,0.46792,0.65085,1.01883,0.8958,0.68906,0.49269,1.65423,2.03189,2.40956,2.02657,0.68491,0.79139,1.45034,0.63577,0.0,0.00429]
PERFORMANCE: total number of moves (proposed, successful, accepted) in general, and to fix gamma=0.0,t=0.0 cases
	--------moves general--------				 --------moves gamma,t------	
move	 Num.Proposed	 Num.Successful	 Num.Accepted	 | Num.Proposed	 Num.Successful	 Num.Accepted
add		 1		 1		 1	 |	 NA 		 NA 		 NA 
mvorigin	 32		 32		 3	 |	 1		 1		 --
mvtarget	 38		 38		 0	 |	 0		 0		 --
chdir		 27		 27		 2	 |	 4		 4		 --
delete		 0		 0		 0	 |	 0		 0		 --
nni		 34		 31		 0	 |	 2		 2		 --
Total		 132		 129		 6	 |	 7		 7		 6
Proportion	 -- 		 1.0		 0.0	 |	 -- 		 1.0		 0.9

 FINISHED SNaQ for run 1, -loglik of best 7849.376624971552
(Xalvarezi,Xmayae,((Xsignum,(((((((((Xvariatus,((Xgordoni,Xmeyeri):0.2678307424405905,Xcouchianus):3.541770284846381):0.6449360828933361,Xevelynae):0.4119675620111857,(Xxiphidium,#H24:0.0018838013955530743::0.1650173032325217):1.402493591035886):0.29208620563330356,Xmilleri):0.4679155665498461,Xandersi):0.6508529493713937,Xmaculatus):1.0188252879035744,(((Xmontezumae,(Xcortezi,(Xbirchmanni_GARC,Xmalinche_CHIC2):0.8958030050635832):0.6890632427754104):0.49269088279370565,((Xnigrensis,(Xmultilineatus)#H26:::0.9672806843025171):1.6542315093848237,(Xcontinens,(Xpygmaeus,#H26:::0.03271931569748283):0.004292932706311685):2.0318897396192446):2.409561873630777):2.026571010012446)#H24:0.684908791282672::0.8349826967674783):0.7913864239429387,(Xmonticolus,Xclemenciae_F2):1.4503440410900699):1.3254261007568242,#H25:::0.35749904047484193):0.7058210725871981):0.6357730032346253,(Xhellerii)#H25:::0.6425009595251581):0.0);
---------------------

2017-07-05 19:4:12.69
MaxNet is (Xalvarezi,Xmayae,((Xsignum,(((((((((Xvariatus,((Xgordoni,Xmeyeri):0.2678307424405905,Xcouchianus):3.541770284846381):0.6449360828933361,Xevelynae):0.4119675620111857,(Xxiphidium,#H24:0.0018838013955530743::0.1650173032325217):1.402493591035886):0.29208620563330356,Xmilleri):0.4679155665498461,Xandersi):0.6508529493713937,Xmaculatus):1.0188252879035744,(((Xmontezumae,(Xcortezi,(Xbirchmanni_GARC,Xmalinche_CHIC2):0.8958030050635832):0.6890632427754104):0.49269088279370565,((Xnigrensis,(Xmultilineatus)#H26:::0.9672806843025171):1.6542315093848237,(Xcontinens,(Xpygmaeus,#H26:::0.03271931569748283):0.004292932706311685):2.0318897396192446):2.409561873630777):2.026571010012446)#H24:0.684908791282672::0.8349826967674783):0.7913864239429387,(Xmonticolus,Xclemenciae_F2):1.4503440410900699):1.3254261007568242,#H25:::0.35749904047484193):0.7058210725871981):0.6357730032346253,(Xhellerii)#H25:::0.6425009595251581):0.0); 
with -loglik 7849.376624971552
