optimization of topology, BL and inheritance probabilities using:
 hmax = 3,
 tolerance parameters: ftolRel=1.0e-6, ftolAbs=1.0e-6,
                       xtolAbs=0.001, xtolRel=0.01.
 max number of failed proposals = 75, liktolAbs = 1.0e-6.
rootname for files: net3_1
BEGIN: 1 runs on starting tree (Xalvarezi,Xmayae,((Xsignum,((Xmonticolus,(Xclemenciae_F2,#H25:::0.032485577051040423):0.979116879342896):1.4858786525152954,(((((((((Xgordoni,Xmeyeri):0.26111415598145865,Xcouchianus):3.5325554148283564,Xvariatus):0.6445452395880061,Xevelynae):0.41219807813960146,(Xxiphidium,#H24:0.0::0.16538333427567822):1.4020042304402076):0.2921320715527958,Xmilleri):0.4688709909949548,Xandersi):0.6492623942884177,Xmaculatus):1.0200542801748702,(((Xmontezumae,(Xcortezi,(Xbirchmanni_GARC,Xmalinche_CHIC2):0.8943004029517725):0.6903622798656042):0.4926275928330048,((Xnigrensis,Xmultilineatus):1.4508210422790195,(Xpygmaeus,Xcontinens):1.9686498919562234):2.428065080719157):2.0435103751744865)#H24:0.6476450483433508::0.8346166657243218):0.7816554661308311):1.9841381634366537):0.31614675520900004,(Xhellerii)#H25:::0.9675144229489596):0.28226883225049243);

main seed 98089
seed: 98089 for run 1
2017-07-05 4:37:36.426

 BEGIN SNaQ for run 1, seed 98089 and hmax 3 changed starting topology by NNI move

 changed starting network by move target
Begins heuristic optimization of network------

found best network, now we re-optimize branch lengths and gamma more precisely
STOPPED by number of failures criteria
END optTopLevel: found minimizer topology at step 106 (failures: 75) with -loglik=9964.02103 and ht_min=[0.03732,0.10114,0.06494,0.43699,1.68798,0.26117,3.52713,0.63938,0.31585,0.0,0.29099,0.46299,0.45967,0.61082,0.476,0.89533,0.71388,2.33631,0.58847,2.24607,1.91255,0.95017,1.94488,0.26205,0.33521,2.11045]
PERFORMANCE: total number of moves (proposed, successful, accepted) in general, and to fix gamma=0.0,t=0.0 cases
	--------moves general--------				 --------moves gamma,t------	
move	 Num.Proposed	 Num.Successful	 Num.Accepted	 | Num.Proposed	 Num.Successful	 Num.Accepted
add		 1		 1		 1	 |	 NA 		 NA 		 NA 
mvorigin	 25		 25		 3	 |	 0		 0		 --
mvtarget	 29		 29		 2	 |	 0		 0		 --
chdir		 24		 24		 3	 |	 0		 0		 --
delete		 0		 0		 0	 |	 0		 0		 --
nni		 27		 24		 0	 |	 4		 4		 --
Total		 106		 103		 9	 |	 4		 4		 3
Proportion	 -- 		 1.0		 0.1	 |	 -- 		 1.0		 0.8

 FINISHED SNaQ for run 1, -loglik of best 9964.021030353453
(Xalvarezi,Xmayae,((Xsignum,((Xmonticolus,(Xclemenciae_F2)#H25:::0.962679509847114):1.6879760359486957,(((((((((Xgordoni,Xmeyeri):0.26117403969331665,Xcouchianus):3.527125695667297,Xvariatus):0.6393795430252072,Xevelynae):0.3158532330518358,(Xxiphidium)#H24:::0.8988579692424944):0.2909939730104445,Xmilleri):0.4629929199244843,Xandersi):0.4596703697934692,Xmaculatus):0.6108166212295637,(((Xcortezi,(Xbirchmanni_GARC,Xmalinche_CHIC2):0.89533263978654):0.7138778549977127,(#H24:::0.1011420307575056,Xmontezumae):0.0):0.4760007965528568,(((Xmultilineatus,(Xnigrensis)#H26:::0.9350560445492515):2.2460708582075104,(Xpygmaeus,Xcontinens):1.9125468412042754):2.110445398802449,#H26:::0.06494395545074855):0.5884744319133264):2.3363089305434612):0.9501678446893607):1.9448826450814067):0.2620486677478648,(Xhellerii,#H25:::0.03732049015288595):0.4369892999464184):0.3352131641140856);
---------------------

2017-07-06 4:13:20.374
MaxNet is (Xalvarezi,Xmayae,((Xsignum,((Xmonticolus,(Xclemenciae_F2)#H25:::0.962679509847114):1.6879760359486957,(((((((((Xgordoni,Xmeyeri):0.26117403969331665,Xcouchianus):3.527125695667297,Xvariatus):0.6393795430252072,Xevelynae):0.3158532330518358,(Xxiphidium)#H24:::0.8988579692424944):0.2909939730104445,Xmilleri):0.4629929199244843,Xandersi):0.4596703697934692,Xmaculatus):0.6108166212295637,(((Xcortezi,(Xbirchmanni_GARC,Xmalinche_CHIC2):0.89533263978654):0.7138778549977127,(#H24:::0.1011420307575056,Xmontezumae):0.0):0.4760007965528568,(((Xmultilineatus,(Xnigrensis)#H26:::0.9350560445492515):2.2460708582075104,(Xpygmaeus,Xcontinens):1.9125468412042754):2.110445398802449,#H26:::0.06494395545074855):0.5884744319133264):2.3363089305434612):0.9501678446893607):1.9448826450814067):0.2620486677478648,(Xhellerii,#H25:::0.03732049015288595):0.4369892999464184):0.3352131641140856); 
with -loglik 9964.021030353453
