optimization of topology, BL and inheritance probabilities using:
 hmax = 4,
 tolerance parameters: ftolRel=1.0e-6, ftolAbs=1.0e-6,
                       xtolAbs=0.001, xtolRel=0.01.
 max number of failed proposals = 75, liktolAbs = 1.0e-6.
rootname for files: net4_2
BEGIN: 1 runs on starting tree (Xalvarezi,Xmayae,((Xsignum,(((((((((((Xgordoni,Xmeyeri):0.260934039544222,Xcouchianus):3.5312797360545534,Xvariatus):0.6443399024732661,Xevelynae):0.4123855942918298,(Xxiphidium,#H24:0.0018361266408130198::0.16539114989813283):1.4008222473756964):0.2917923569670647,Xmilleri):0.469349177188365,Xandersi):0.6487539881470423,Xmaculatus):1.0198477802411505,((((Xmontezumae,(Xcortezi,((Xmalinche_CHIC2,Xbirchmanni_GARC):1.083313518019925)#H26:0.0::0.8727956310421234):1.2638928371797538):0.6285091821002746,((Xnigrensis,Xmultilineatus):1.4513524061920164,(Xpygmaeus,Xcontinens):1.9718994304295323):2.3735668516591146):1.1260098714831577,#H26:8.623855915393824::0.12720436895787657):1.069385985597533)#H24:0.6477570616947983::0.8346088501018671):0.7903361834646656,(Xclemenciae_F2,Xmonticolus):1.4531323606875988):1.350827768154535,#H25:::0.3692984937136875):0.681502354092836):0.633639354032585,(Xhellerii)#H25:::0.6307015062863125):0.0);

main seed 54908
seed: 54908 for run 1
2017-07-08 2:51:41.275

 BEGIN SNaQ for run 1, seed 54908 and hmax 4
Begins heuristic optimization of network------

found best network, now we re-optimize branch lengths and gamma more precisely
STOPPED by number of failures criteria
END optTopLevel: found minimizer topology at step 196 (failures: 75) with -loglik=7254.94397 and ht_min=[0.16532,0.13281,0.37234,0.07506,0.63379,0.33801,3.47627,0.64434,0.41223,1.0e-5,1.40355,0.29221,0.4687,0.64912,1.0198,1.08526,0.0,1.29026,0.63198,1.4506,1.96993,2.37305,1.06443,8.91702,1.12579,0.64256,0.79001,1.45609,1.3443,0.69127,0.04791,3.82528]
PERFORMANCE: total number of moves (proposed, successful, accepted) in general, and to fix gamma=0.0,t=0.0 cases
	--------moves general--------				 --------moves gamma,t------	
move	 Num.Proposed	 Num.Successful	 Num.Accepted	 | Num.Proposed	 Num.Successful	 Num.Accepted
add		 6		 6		 1	 |	 NA 		 NA 		 NA 
mvorigin	 51		 51		 3	 |	 0		 0		 --
mvtarget	 52		 52		 0	 |	 0		 0		 --
chdir		 47		 35		 0	 |	 0		 0		 --
delete		 0		 0		 0	 |	 0		 0		 --
nni		 40		 38		 0	 |	 0		 0		 --
Total		 196		 182		 4	 |	 0		 0		 0
Proportion	 -- 		 1.0		 0.0	 |	 -- 		 0.0		 0.0

 FINISHED SNaQ for run 1, -loglik of best 7254.94397235151
(Xalvarezi,(Xsignum,(((((((((((Xgordoni,(Xmeyeri,#H27:::0.07506493235524177):3.8252795770859405):0.3380123059746019,(Xcouchianus)#H27:::0.9249350676447582):3.476273836332447,Xvariatus):0.6443378534065064,Xevelynae):0.4122254908058297,(Xxiphidium,#H24:1.2185073453542739e-5::0.1653197143673225):1.4035490477657364):0.2922071770946609,Xmilleri):0.46870272510740846,Xandersi):0.6491157167610051,Xmaculatus):1.0198049733419507,((((Xmontezumae,(Xcortezi,((Xmalinche_CHIC2,Xbirchmanni_GARC):1.0852591519161916)#H26:0.0::0.8671901331091451):1.290255485533374):0.631978121501262,((Xnigrensis,Xmultilineatus):1.4506034598119195,(Xpygmaeus,Xcontinens):1.9699301332035262):2.373051012771081):1.0644269570357925,#H26:8.917017398479201::0.13280986689085492):1.1257908058163473)#H24:0.642560930427641::0.8346802856326775):0.7900101777549743,(Xclemenciae_F2,Xmonticolus):1.4560946255628964):1.3443005621110977,#H25:::0.37234242074686774):0.691270325339218):0.633786025031263,(Xmayae,(Xhellerii)#H25:::0.6276575792531323):0.04790981278137787);
---------------------

2017-07-08 14:12:2.455
MaxNet is (Xalvarezi,(Xsignum,(((((((((((Xgordoni,(Xmeyeri,#H27:::0.07506493235524177):3.8252795770859405):0.3380123059746019,(Xcouchianus)#H27:::0.9249350676447582):3.476273836332447,Xvariatus):0.6443378534065064,Xevelynae):0.4122254908058297,(Xxiphidium,#H24:1.2185073453542739e-5::0.1653197143673225):1.4035490477657364):0.2922071770946609,Xmilleri):0.46870272510740846,Xandersi):0.6491157167610051,Xmaculatus):1.0198049733419507,((((Xmontezumae,(Xcortezi,((Xmalinche_CHIC2,Xbirchmanni_GARC):1.0852591519161916)#H26:0.0::0.8671901331091451):1.290255485533374):0.631978121501262,((Xnigrensis,Xmultilineatus):1.4506034598119195,(Xpygmaeus,Xcontinens):1.9699301332035262):2.373051012771081):1.0644269570357925,#H26:8.917017398479201::0.13280986689085492):1.1257908058163473)#H24:0.642560930427641::0.8346802856326775):0.7900101777549743,(Xclemenciae_F2,Xmonticolus):1.4560946255628964):1.3443005621110977,#H25:::0.37234242074686774):0.691270325339218):0.633786025031263,(Xmayae,(Xhellerii)#H25:::0.6276575792531323):0.04790981278137787); 
with -loglik 7254.94397235151
