optimization of topology, BL and inheritance probabilities using:
 hmax = 4,
 tolerance parameters: ftolRel=1.0e-6, ftolAbs=1.0e-6,
                       xtolAbs=0.001, xtolRel=0.01.
 max number of failed proposals = 75, liktolAbs = 1.0e-6.
rootname for files: net4_8
BEGIN: 1 runs on starting tree (Xalvarezi,Xmayae,((Xsignum,(((((((((((Xgordoni,Xmeyeri):0.260934039544222,Xcouchianus):3.5312797360545534,Xvariatus):0.6443399024732661,Xevelynae):0.4123855942918298,(Xxiphidium,#H24:0.0018361266408130198::0.16539114989813283):1.4008222473756964):0.2917923569670647,Xmilleri):0.469349177188365,Xandersi):0.6487539881470423,Xmaculatus):1.0198477802411505,((((Xmontezumae,(Xcortezi,((Xmalinche_CHIC2,Xbirchmanni_GARC):1.083313518019925)#H26:0.0::0.8727956310421234):1.2638928371797538):0.6285091821002746,((Xnigrensis,Xmultilineatus):1.4513524061920164,(Xpygmaeus,Xcontinens):1.9718994304295323):2.3735668516591146):1.1260098714831577,#H26:8.623855915393824::0.12720436895787657):1.069385985597533)#H24:0.6477570616947983::0.8346088501018671):0.7903361834646656,(Xclemenciae_F2,Xmonticolus):1.4531323606875988):1.350827768154535,#H25:::0.3692984937136875):0.681502354092836):0.633639354032585,(Xhellerii)#H25:::0.6307015062863125):0.0);

main seed 31065
seed: 31065 for run 1
2017-07-08 2:52:58.171

 BEGIN SNaQ for run 1, seed 31065 and hmax 4 changed starting topology by NNI move

 changed starting network by move origin
Begins heuristic optimization of network------

found best network, now we re-optimize branch lengths and gamma more precisely
STOPPED by number of failures criteria
END optTopLevel: found minimizer topology at step 225 (failures: 75) with -loglik=7239.32468 and ht_min=[0.16525,0.13233,0.35168,0.00495,0.63487,0.26505,0.29462,0.01297,4.43967,0.666,0.00013,1.41383,0.29147,0.46775,0.652,1.01681,1.0799,0.00066,1.28688,0.63289,1.44611,1.98541,2.37229,1.06218,6.18793,1.15974,0.56311,0.78909,1.4547,1.30826,0.73226,0.0,0.4144,0.09208]
PERFORMANCE: total number of moves (proposed, successful, accepted) in general, and to fix gamma=0.0,t=0.0 cases
	--------moves general--------				 --------moves gamma,t------	
move	 Num.Proposed	 Num.Successful	 Num.Accepted	 | Num.Proposed	 Num.Successful	 Num.Accepted
add		 1		 1		 1	 |	 NA 		 NA 		 NA 
mvorigin	 56		 56		 11	 |	 0		 0		 --
mvtarget	 63		 60		 2	 |	 0		 0		 --
chdir		 57		 41		 2	 |	 0		 0		 --
delete		 0		 0		 0	 |	 0		 0		 --
nni		 48		 41		 0	 |	 1		 1		 --
Total		 225		 199		 16	 |	 1		 1		 1
Proportion	 -- 		 1.0		 0.1	 |	 -- 		 1.0		 1.0

 FINISHED SNaQ for run 1, -loglik of best 7239.324679106251
(Xmeyeri,(Xcouchianus,(Xvariatus,(Xevelynae,(((Xmilleri,(Xandersi,(Xmaculatus,(((Xclemenciae_F2,Xmonticolus):1.4546965018574443,(#H25:::0.3516759798260102,(Xsignum,(Xmayae,(Xalvarezi,(Xhellerii)#H25:::0.6483240201739898):0.0):0.6348707721089782):0.7322582879330479):1.3082606689343121):0.789093342459533,((((Xmontezumae,(Xcortezi,((Xmalinche_CHIC2,Xbirchmanni_GARC):1.0799046815628786)#H26:0.0006640585011449786::0.8676695091676476):1.286880344058496):0.6328858006353191,((Xpygmaeus,Xcontinens):1.9854123757990516,(Xnigrensis,Xmultilineatus):1.4461128322096037):2.37229180459624):1.0621781036063083,#H26:6.1879270559580295::0.13233049083235238):1.159739485619674)#H24:0.563108611103816::0.8347533211980992):1.016812452795731):0.6520008188021461):0.467750007518479):0.2914719259839566,(Xxiphidium,#H24:0.00013365302891000814::0.16524667880190078):1.4138302906465277):0.012972151090416722)#H27:0.4143956962587696::0.995046495887778):0.6660047548472384):4.439666068880386):0.26504895944950585,(Xgordoni,#H27:0.09207643727965209::0.004953504112221994):0.29461960145094435);
---------------------

2017-07-08 17:57:27.117
MaxNet is (Xmeyeri,(Xcouchianus,(Xvariatus,(Xevelynae,(((Xmilleri,(Xandersi,(Xmaculatus,(((Xclemenciae_F2,Xmonticolus):1.4546965018574443,(#H25:::0.3516759798260102,(Xsignum,(Xmayae,(Xalvarezi,(Xhellerii)#H25:::0.6483240201739898):0.0):0.6348707721089782):0.7322582879330479):1.3082606689343121):0.789093342459533,((((Xmontezumae,(Xcortezi,((Xmalinche_CHIC2,Xbirchmanni_GARC):1.0799046815628786)#H26:0.0006640585011449786::0.8676695091676476):1.286880344058496):0.6328858006353191,((Xpygmaeus,Xcontinens):1.9854123757990516,(Xnigrensis,Xmultilineatus):1.4461128322096037):2.37229180459624):1.0621781036063083,#H26:6.1879270559580295::0.13233049083235238):1.159739485619674)#H24:0.563108611103816::0.8347533211980992):1.016812452795731):0.6520008188021461):0.467750007518479):0.2914719259839566,(Xxiphidium,#H24:0.00013365302891000814::0.16524667880190078):1.4138302906465277):0.012972151090416722)#H27:0.4143956962587696::0.995046495887778):0.6660047548472384):4.439666068880386):0.26504895944950585,(Xgordoni,#H27:0.09207643727965209::0.004953504112221994):0.29461960145094435); 
with -loglik 7239.324679106251
