optimization of topology, BL and inheritance probabilities using:
 hmax = 4,
 tolerance parameters: ftolRel=1.0e-6, ftolAbs=1.0e-6,
                       xtolAbs=0.001, xtolRel=0.01.
 max number of failed proposals = 75, liktolAbs = 1.0e-6.
rootname for files: net4_5
BEGIN: 1 runs on starting tree (Xalvarezi,Xmayae,((Xsignum,(((((((((((Xgordoni,Xmeyeri):0.260934039544222,Xcouchianus):3.5312797360545534,Xvariatus):0.6443399024732661,Xevelynae):0.4123855942918298,(Xxiphidium,#H24:0.0018361266408130198::0.16539114989813283):1.4008222473756964):0.2917923569670647,Xmilleri):0.469349177188365,Xandersi):0.6487539881470423,Xmaculatus):1.0198477802411505,((((Xmontezumae,(Xcortezi,((Xmalinche_CHIC2,Xbirchmanni_GARC):1.083313518019925)#H26:0.0::0.8727956310421234):1.2638928371797538):0.6285091821002746,((Xnigrensis,Xmultilineatus):1.4513524061920164,(Xpygmaeus,Xcontinens):1.9718994304295323):2.3735668516591146):1.1260098714831577,#H26:8.623855915393824::0.12720436895787657):1.069385985597533)#H24:0.6477570616947983::0.8346088501018671):0.7903361834646656,(Xclemenciae_F2,Xmonticolus):1.4531323606875988):1.350827768154535,#H25:::0.3692984937136875):0.681502354092836):0.633639354032585,(Xhellerii)#H25:::0.6307015062863125):0.0);

main seed 43299
seed: 43299 for run 1
2017-07-08 2:52:7.883

 BEGIN SNaQ for run 1, seed 43299 and hmax 4 changed starting topology by NNI move

Begins heuristic optimization of network------

found best network, now we re-optimize branch lengths and gamma more precisely
STOPPED by number of failures criteria
END optTopLevel: found minimizer topology at step 204 (failures: 75) with -loglik=7053.33235 and ht_min=[0.16817,0.13474,0.55987,0.04214,0.25035,3.51432,0.64459,0.41137,0.0,1.36998,0.29195,0.46794,0.65307,1.02548,1.08057,0.0,1.28525,0.63558,1.73453,2.34208,2.08714,1.22796,1.01762,8.59313,1.42151,0.11135,0.78559,1.454,1.71671,0.72768,3.27155,1.68864,4.63801,0.24908]
PERFORMANCE: total number of moves (proposed, successful, accepted) in general, and to fix gamma=0.0,t=0.0 cases
	--------moves general--------				 --------moves gamma,t------	
move	 Num.Proposed	 Num.Successful	 Num.Accepted	 | Num.Proposed	 Num.Successful	 Num.Accepted
add		 4		 4		 1	 |	 NA 		 NA 		 NA 
mvorigin	 49		 49		 4	 |	 0		 0		 --
mvtarget	 52		 43		 2	 |	 0		 0		 --
chdir		 33		 20		 2	 |	 0		 0		 --
delete		 0		 0		 0	 |	 0		 0		 --
nni		 66		 51		 0	 |	 3		 3		 --
Total		 204		 167		 9	 |	 3		 3		 2
Proportion	 -- 		 1.0		 0.1	 |	 -- 		 1.0		 0.7

 FINISHED SNaQ for run 1, -loglik of best 7053.332349628995
(Xmayae,((Xhellerii,(((((((((((Xgordoni,Xmeyeri):0.2503497914751533,Xcouchianus):3.5143166368487426,Xvariatus):0.6445944360537064,Xevelynae):0.4113658990914516,(Xxiphidium,#H24:5.262467132163245e-7::0.16816746656535694):1.3699787556284733):0.29194656618000037,Xmilleri):0.4679423183559616,Xandersi):0.6530709937282461,Xmaculatus):1.0254812089946383,((((Xmontezumae,(Xcortezi,((Xmalinche_CHIC2,Xbirchmanni_GARC):1.0805658683802386)#H26:0.0::0.8652558957282537):1.2852462212448634):0.6355801429124722,((Xcontinens,(Xpygmaeus,#H27:::0.04213539011675838):1.2279567731725056):2.0871431952461132,(Xnigrensis,(Xmultilineatus)#H27:::0.9578646098832416):1.7345346439397828):2.3420750778636994):1.0176187742045466,#H26:8.593130851108928::0.1347441042717463):1.4215052569879263)#H24:0.11134815801376252::0.831832533434643):0.7855905848434657,(Xclemenciae_F2,Xmonticolus):1.4539995041315041):1.688639355236414)#H25:1.7167114098272962::0.5598732308660994):0.7276810667457978,Xalvarezi):0.24908361375205645,(Xsignum,#H25:4.638013849279179::0.4401267691339006):3.2715480768342116);
---------------------

2017-07-08 17:16:24.762
MaxNet is (Xmayae,((Xhellerii,(((((((((((Xgordoni,Xmeyeri):0.2503497914751533,Xcouchianus):3.5143166368487426,Xvariatus):0.6445944360537064,Xevelynae):0.4113658990914516,(Xxiphidium,#H24:5.262467132163245e-7::0.16816746656535694):1.3699787556284733):0.29194656618000037,Xmilleri):0.4679423183559616,Xandersi):0.6530709937282461,Xmaculatus):1.0254812089946383,((((Xmontezumae,(Xcortezi,((Xmalinche_CHIC2,Xbirchmanni_GARC):1.0805658683802386)#H26:0.0::0.8652558957282537):1.2852462212448634):0.6355801429124722,((Xcontinens,(Xpygmaeus,#H27:::0.04213539011675838):1.2279567731725056):2.0871431952461132,(Xnigrensis,(Xmultilineatus)#H27:::0.9578646098832416):1.7345346439397828):2.3420750778636994):1.0176187742045466,#H26:8.593130851108928::0.1347441042717463):1.4215052569879263)#H24:0.11134815801376252::0.831832533434643):0.7855905848434657,(Xclemenciae_F2,Xmonticolus):1.4539995041315041):1.688639355236414)#H25:1.7167114098272962::0.5598732308660994):0.7276810667457978,Xalvarezi):0.24908361375205645,(Xsignum,#H25:4.638013849279179::0.4401267691339006):3.2715480768342116); 
with -loglik 7053.332349628995
