optimization of topology, BL and inheritance probabilities using:
 hmax = 4,
 tolerance parameters: ftolRel=1.0e-6, ftolAbs=1.0e-6,
                       xtolAbs=0.001, xtolRel=0.01.
 max number of failed proposals = 75, liktolAbs = 1.0e-6.
rootname for files: net4_1
BEGIN: 1 runs on starting tree (Xalvarezi,Xmayae,((Xsignum,(((((((((((Xgordoni,Xmeyeri):0.260934039544222,Xcouchianus):3.5312797360545534,Xvariatus):0.6443399024732661,Xevelynae):0.4123855942918298,(Xxiphidium,#H24:0.0018361266408130198::0.16539114989813283):1.4008222473756964):0.2917923569670647,Xmilleri):0.469349177188365,Xandersi):0.6487539881470423,Xmaculatus):1.0198477802411505,((((Xmontezumae,(Xcortezi,((Xmalinche_CHIC2,Xbirchmanni_GARC):1.083313518019925)#H26:0.0::0.8727956310421234):1.2638928371797538):0.6285091821002746,((Xnigrensis,Xmultilineatus):1.4513524061920164,(Xpygmaeus,Xcontinens):1.9718994304295323):2.3735668516591146):1.1260098714831577,#H26:8.623855915393824::0.12720436895787657):1.069385985597533)#H24:0.6477570616947983::0.8346088501018671):0.7903361834646656,(Xclemenciae_F2,Xmonticolus):1.4531323606875988):1.350827768154535,#H25:::0.3692984937136875):0.681502354092836):0.633639354032585,(Xhellerii)#H25:::0.6307015062863125):0.0);

main seed 21702
seed: 21702 for run 1
2017-07-08 2:51:10.548

 BEGIN SNaQ for run 1, seed 21702 and hmax 4
Begins heuristic optimization of network------

found best network, now we re-optimize branch lengths and gamma more precisely
STOPPED by number of failures criteria
END optTopLevel: found minimizer topology at step 433 (failures: 75) with -loglik=7154.06682 and ht_min=[0.16465,0.13181,0.36703,0.03504,0.26315,3.55249,0.64306,0.41035,0.0,1.41235,0.29376,0.46918,0.64661,1.01721,1.1015,0.0,1.28772,0.63224,0.27666,3.01439,1.41089,1.06817,0.68162,1.09906,0.69886,0.7919,1.4539,1.35065,0.67286,0.64054,0.0,2.27371]
PERFORMANCE: total number of moves (proposed, successful, accepted) in general, and to fix gamma=0.0,t=0.0 cases
	--------moves general--------				 --------moves gamma,t------	
move	 Num.Proposed	 Num.Successful	 Num.Accepted	 | Num.Proposed	 Num.Successful	 Num.Accepted
add		 20		 17		 1	 |	 NA 		 NA 		 NA 
mvorigin	 102		 102		 6	 |	 0		 0		 --
mvtarget	 104		 104		 2	 |	 0		 0		 --
chdir		 107		 76		 0	 |	 0		 0		 --
delete		 0		 0		 0	 |	 0		 0		 --
nni		 100		 84		 0	 |	 0		 0		 --
Total		 433		 383		 9	 |	 0		 0		 0
Proportion	 -- 		 1.0		 0.0	 |	 -- 		 0.0		 0.0

 FINISHED SNaQ for run 1, -loglik of best 7154.066822246472
(Xalvarezi,Xmayae,((Xsignum,(((((((((((Xgordoni,Xmeyeri):0.2631530819973307,Xcouchianus):3.552486414671978,Xvariatus):0.6430556570749749,Xevelynae):0.41035384582789947,(Xxiphidium,#H24:1.61442535587825e-8::0.16465166198719994):1.4123529519236375):0.293758068706035,Xmilleri):0.4691787844177422,Xandersi):0.6466089924807138,Xmaculatus):1.0172077612344246,((((Xmontezumae,(Xcortezi,((Xmalinche_CHIC2,Xbirchmanni_GARC):1.1014965435546402)#H26:0.0::0.8681909084228057):1.2877162245428715):0.6322443117487042,(((Xnigrensis,Xmultilineatus):1.410889905118264,(Xpygmaeus,(Xcontinens)#H27:::0.9649647771529258):3.01438687420317):2.2737132581839004,#H27:::0.0350352228470742):0.27665839593035285):1.0681652374308541,#H26:0.6816156265907668::0.13180909157719434):1.0990571142368055)#H24:0.6988554920705382::0.8353483380128001):0.7918973261009532,(Xclemenciae_F2,Xmonticolus):1.4538993505379598):1.3506495567152765,#H25:::0.3670335797585132):0.6728641954484844):0.6405441730049279,(Xhellerii)#H25:::0.6329664202414869):0.0);
---------------------

2017-07-09 1:19:1.535
MaxNet is (Xalvarezi,Xmayae,((Xsignum,(((((((((((Xgordoni,Xmeyeri):0.2631530819973307,Xcouchianus):3.552486414671978,Xvariatus):0.6430556570749749,Xevelynae):0.41035384582789947,(Xxiphidium,#H24:1.61442535587825e-8::0.16465166198719994):1.4123529519236375):0.293758068706035,Xmilleri):0.4691787844177422,Xandersi):0.6466089924807138,Xmaculatus):1.0172077612344246,((((Xmontezumae,(Xcortezi,((Xmalinche_CHIC2,Xbirchmanni_GARC):1.1014965435546402)#H26:0.0::0.8681909084228057):1.2877162245428715):0.6322443117487042,(((Xnigrensis,Xmultilineatus):1.410889905118264,(Xpygmaeus,(Xcontinens)#H27:::0.9649647771529258):3.01438687420317):2.2737132581839004,#H27:::0.0350352228470742):0.27665839593035285):1.0681652374308541,#H26:0.6816156265907668::0.13180909157719434):1.0990571142368055)#H24:0.6988554920705382::0.8353483380128001):0.7918973261009532,(Xclemenciae_F2,Xmonticolus):1.4538993505379598):1.3506495567152765,#H25:::0.3670335797585132):0.6728641954484844):0.6405441730049279,(Xhellerii)#H25:::0.6329664202414869):0.0); 
with -loglik 7154.066822246472
