optimization of topology, BL and inheritance probabilities using:
 hmax = 4,
 tolerance parameters: ftolRel=1.0e-6, ftolAbs=1.0e-6,
                       xtolAbs=0.001, xtolRel=0.01.
 max number of failed proposals = 75, liktolAbs = 1.0e-6.
rootname for files: net4_7
BEGIN: 1 runs on starting tree (Xalvarezi,Xmayae,((Xsignum,(((((((((((Xgordoni,Xmeyeri):0.260934039544222,Xcouchianus):3.5312797360545534,Xvariatus):0.6443399024732661,Xevelynae):0.4123855942918298,(Xxiphidium,#H24:0.0018361266408130198::0.16539114989813283):1.4008222473756964):0.2917923569670647,Xmilleri):0.469349177188365,Xandersi):0.6487539881470423,Xmaculatus):1.0198477802411505,((((Xmontezumae,(Xcortezi,((Xmalinche_CHIC2,Xbirchmanni_GARC):1.083313518019925)#H26:0.0::0.8727956310421234):1.2638928371797538):0.6285091821002746,((Xnigrensis,Xmultilineatus):1.4513524061920164,(Xpygmaeus,Xcontinens):1.9718994304295323):2.3735668516591146):1.1260098714831577,#H26:8.623855915393824::0.12720436895787657):1.069385985597533)#H24:0.6477570616947983::0.8346088501018671):0.7903361834646656,(Xclemenciae_F2,Xmonticolus):1.4531323606875988):1.350827768154535,#H25:::0.3692984937136875):0.681502354092836):0.633639354032585,(Xhellerii)#H25:::0.6307015062863125):0.0);

main seed 35758
seed: 35758 for run 1
2017-07-08 2:52:50.769

 BEGIN SNaQ for run 1, seed 35758 and hmax 4 changed starting topology by NNI move

 changed starting network by move origin
Begins heuristic optimization of network------

found best network, now we re-optimize branch lengths and gamma more precisely
STOPPED by number of failures criteria
END optTopLevel: found minimizer topology at step 303 (failures: 75) with -loglik=7745.01436 and ht_min=[0.1682,0.02533,0.3673,0.00186,0.63388,3.668,0.10179,0.5285,0.41161,0.00015,1.36734,0.29277,0.46925,0.64902,1.02537,0.89176,0.70128,0.50174,1.84969,1.93083,2.67864,2.35675,2.47083,1.0e-5,0.78877,1.45383,1.33912,0.69602,0.02365,0.15526,0.11898,0.65826]
PERFORMANCE: total number of moves (proposed, successful, accepted) in general, and to fix gamma=0.0,t=0.0 cases
	--------moves general--------				 --------moves gamma,t------	
move	 Num.Proposed	 Num.Successful	 Num.Accepted	 | Num.Proposed	 Num.Successful	 Num.Accepted
add		 2		 2		 1	 |	 NA 		 NA 		 NA 
mvorigin	 69		 69		 15	 |	 0		 0		 --
mvtarget	 91		 86		 14	 |	 0		 0		 --
chdir		 64		 62		 15	 |	 0		 0		 --
delete		 0		 0		 0	 |	 0		 0		 --
nni		 77		 59		 2	 |	 2		 2		 --
Total		 303		 278		 47	 |	 2		 2		 1
Proportion	 -- 		 1.0		 0.2	 |	 -- 		 1.0		 0.5

 FINISHED SNaQ for run 1, -loglik of best 7745.014355242011
(Xgordoni,Xmeyeri,((Xcouchianus,(Xvariatus,((Xevelynae,((Xxiphidium,#H24:0.00015067565376935695::0.16819733446660332):1.3673437154403367,(Xmilleri,(Xandersi,(Xmaculatus,((((Xmontezumae,((Xmalinche_CHIC2,Xbirchmanni_GARC):0.8917631613278251,(Xcortezi,#H26:::0.025325600625247083):2.4708305357515123):0.7012814345438813):0.5017382982475808,((Xcontinens,Xpygmaeus):1.9308349991116511,(Xmultilineatus,(Xnigrensis)#H26:::0.9746743993747529):1.8496866556770246):2.678638678473588):2.3567540374791016)#H24:9.406069903583874e-6::0.8318026655333967,((Xclemenciae_F2,Xmonticolus):1.4538254972903226,((Xsignum,(Xalvarezi,(Xmayae,(Xhellerii)#H25:::0.632704429325823):0.023645100679114458):0.6338823784245486):0.6960150261448022,#H25:::0.367295570674177):1.339116320703131):0.7887712550193416):1.0253687782076815):0.6490193892510021):0.46925485569935976):0.29276968661437913):0.41161046995041345):0.5285025441543357)#H27:0.11897719547243704::0.9981436015980698):3.6680028557928863):0.10179042493767093,#H27:0.6582566207137527::0.0018563984019301987):0.15525905195948825);
---------------------

2017-07-08 22:12:26.11
MaxNet is (Xgordoni,Xmeyeri,((Xcouchianus,(Xvariatus,((Xevelynae,((Xxiphidium,#H24:0.00015067565376935695::0.16819733446660332):1.3673437154403367,(Xmilleri,(Xandersi,(Xmaculatus,((((Xmontezumae,((Xmalinche_CHIC2,Xbirchmanni_GARC):0.8917631613278251,(Xcortezi,#H26:::0.025325600625247083):2.4708305357515123):0.7012814345438813):0.5017382982475808,((Xcontinens,Xpygmaeus):1.9308349991116511,(Xmultilineatus,(Xnigrensis)#H26:::0.9746743993747529):1.8496866556770246):2.678638678473588):2.3567540374791016)#H24:9.406069903583874e-6::0.8318026655333967,((Xclemenciae_F2,Xmonticolus):1.4538254972903226,((Xsignum,(Xalvarezi,(Xmayae,(Xhellerii)#H25:::0.632704429325823):0.023645100679114458):0.6338823784245486):0.6960150261448022,#H25:::0.367295570674177):1.339116320703131):0.7887712550193416):1.0253687782076815):0.6490193892510021):0.46925485569935976):0.29276968661437913):0.41161046995041345):0.5285025441543357)#H27:0.11897719547243704::0.9981436015980698):3.6680028557928863):0.10179042493767093,#H27:0.6582566207137527::0.0018563984019301987):0.15525905195948825); 
with -loglik 7745.014355242011
