optimization of topology, BL and inheritance probabilities using:
 hmax = 4,
 tolerance parameters: ftolRel=1.0e-6, ftolAbs=1.0e-6,
                       xtolAbs=0.001, xtolRel=0.01.
 max number of failed proposals = 75, liktolAbs = 1.0e-6.
rootname for files: net4_10
BEGIN: 1 runs on starting tree (Xalvarezi,Xmayae,((Xsignum,(((((((((((Xgordoni,Xmeyeri):0.260934039544222,Xcouchianus):3.5312797360545534,Xvariatus):0.6443399024732661,Xevelynae):0.4123855942918298,(Xxiphidium,#H24:0.0018361266408130198::0.16539114989813283):1.4008222473756964):0.2917923569670647,Xmilleri):0.469349177188365,Xandersi):0.6487539881470423,Xmaculatus):1.0198477802411505,((((Xmontezumae,(Xcortezi,((Xmalinche_CHIC2,Xbirchmanni_GARC):1.083313518019925)#H26:0.0::0.8727956310421234):1.2638928371797538):0.6285091821002746,((Xnigrensis,Xmultilineatus):1.4513524061920164,(Xpygmaeus,Xcontinens):1.9718994304295323):2.3735668516591146):1.1260098714831577,#H26:8.623855915393824::0.12720436895787657):1.069385985597533)#H24:0.6477570616947983::0.8346088501018671):0.7903361834646656,(Xclemenciae_F2,Xmonticolus):1.4531323606875988):1.350827768154535,#H25:::0.3692984937136875):0.681502354092836):0.633639354032585,(Xhellerii)#H25:::0.6307015062863125):0.0);

main seed 77079
seed: 77079 for run 1
2017-07-08 2:53:12.816

 BEGIN SNaQ for run 1, seed 77079 and hmax 4 changed starting topology by NNI move

 changed starting network by move target
Begins heuristic optimization of network------

found best network, now we re-optimize branch lengths and gamma more precisely
STOPPED by number of failures criteria
END optTopLevel: found minimizer topology at step 129 (failures: 75) with -loglik=7083.02896 and ht_min=[0.16524,0.13275,0.38725,0.06616,0.2507,3.53609,0.64466,0.41206,0.00114,1.39383,0.29388,0.4682,0.65062,1.01886,1.08721,0.0,1.28568,0.63198,1.44721,1.97264,2.37224,1.05938,8.34288,1.11761,0.67401,0.70842,1.93967,1.80803,1.39138,1.09759,1.63176,1.07896,0.04563,0.75459,0.16904,0.61056]
PERFORMANCE: total number of moves (proposed, successful, accepted) in general, and to fix gamma=0.0,t=0.0 cases
	--------moves general--------				 --------moves gamma,t------	
move	 Num.Proposed	 Num.Successful	 Num.Accepted	 | Num.Proposed	 Num.Successful	 Num.Accepted
add		 2		 2		 1	 |	 NA 		 NA 		 NA 
mvorigin	 39		 39		 2	 |	 0		 0		 --
mvtarget	 26		 20		 0	 |	 0		 0		 --
chdir		 32		 24		 3	 |	 0		 0		 --
delete		 0		 0		 0	 |	 0		 0		 --
nni		 30		 26		 0	 |	 1		 1		 --
Total		 129		 111		 6	 |	 1		 1		 1
Proportion	 -- 		 1.0		 0.1	 |	 -- 		 1.0		 1.0

 FINISHED SNaQ for run 1, -loglik of best 7083.028964818727
(Xalvarezi,Xmayae,((Xsignum,(((Xclemenciae_F2,(Xmonticolus,#H27:0.6105613739882098::0.06616417841704844):0.7545928702083147):1.9396686188471879,((((Xandersi,((((((Xgordoni,Xmeyeri):0.25069667819670244,Xcouchianus):3.536094193478619,Xvariatus):0.6446623672698938,Xevelynae):0.4120563467988185,(Xxiphidium,#H24:0.001142383394036864::0.16523544502536872):1.3938349698574775):0.29388265094415833,Xmilleri):0.4682023604135555):0.6506223302938828,Xmaculatus):1.018857167426412,((((Xmontezumae,(Xcortezi,((Xmalinche_CHIC2,Xbirchmanni_GARC):1.087207300758631)#H26:0.0::0.8672478639470305):1.2856800702556503):0.6319752282959858,((Xnigrensis,Xmultilineatus):1.4472061919354626,(Xpygmaeus,Xcontinens):1.97264008142494):2.372236844430861):1.059380217212393,#H26:8.34287509954157::0.13275213605296954):1.117611750732336)#H24:0.6740092996831921::0.8347645549746313):0.7084225369356455)#H27:0.16904308742648558::0.9338358215829515):1.6317618996557404)#H25:1.0789582114143057::0.6127520559144854):1.0975923857713195,(Xhellerii,#H25:1.8080255786084563::0.38724794408551455):1.391383584800527):0.04562802889736954);
---------------------

2017-07-08 13:13:57.849
MaxNet is (Xalvarezi,Xmayae,((Xsignum,(((Xclemenciae_F2,(Xmonticolus,#H27:0.6105613739882098::0.06616417841704844):0.7545928702083147):1.9396686188471879,((((Xandersi,((((((Xgordoni,Xmeyeri):0.25069667819670244,Xcouchianus):3.536094193478619,Xvariatus):0.6446623672698938,Xevelynae):0.4120563467988185,(Xxiphidium,#H24:0.001142383394036864::0.16523544502536872):1.3938349698574775):0.29388265094415833,Xmilleri):0.4682023604135555):0.6506223302938828,Xmaculatus):1.018857167426412,((((Xmontezumae,(Xcortezi,((Xmalinche_CHIC2,Xbirchmanni_GARC):1.087207300758631)#H26:0.0::0.8672478639470305):1.2856800702556503):0.6319752282959858,((Xnigrensis,Xmultilineatus):1.4472061919354626,(Xpygmaeus,Xcontinens):1.97264008142494):2.372236844430861):1.059380217212393,#H26:8.34287509954157::0.13275213605296954):1.117611750732336)#H24:0.6740092996831921::0.8347645549746313):0.7084225369356455)#H27:0.16904308742648558::0.9338358215829515):1.6317618996557404)#H25:1.0789582114143057::0.6127520559144854):1.0975923857713195,(Xhellerii,#H25:1.8080255786084563::0.38724794408551455):1.391383584800527):0.04562802889736954); 
with -loglik 7083.028964818727
