optimization of topology, BL and inheritance probabilities using:
 hmax = 5,
 tolerance parameters: ftolRel=1.0e-6, ftolAbs=1.0e-6,
                       xtolAbs=0.001, xtolRel=0.01.
 max number of failed proposals = 75, liktolAbs = 1.0e-6.
rootname for files: net5_10
BEGIN: 1 runs on starting tree (Xmayae,((Xhellerii,(((((((((((Xgordoni,Xmeyeri):0.2503497914751533,Xcouchianus):3.5143166368487426,Xvariatus):0.6445944360537064,Xevelynae):0.4113658990914516,(Xxiphidium,#H24:5.262467132163245e-7::0.16816746656535694):1.3699787556284733):0.29194656618000037,Xmilleri):0.4679423183559616,Xandersi):0.6530709937282461,Xmaculatus):1.0254812089946383,((((Xmontezumae,(Xcortezi,((Xmalinche_CHIC2,Xbirchmanni_GARC):1.0805658683802386)#H26:0.0::0.8652558957282537):1.2852462212448634):0.6355801429124722,((Xcontinens,(Xpygmaeus,#H27:::0.04213539011675838):1.2279567731725056):2.0871431952461132,(Xnigrensis,(Xmultilineatus)#H27:::0.9578646098832416):1.7345346439397828):2.3420750778636994):1.0176187742045466,#H26:8.593130851108928::0.1347441042717463):1.4215052569879263)#H24:0.11134815801376252::0.831832533434643):0.7855905848434657,(Xclemenciae_F2,Xmonticolus):1.4539995041315041):1.688639355236414)#H25:1.7167114098272962::0.5598732308660994):0.7276810667457978,Xalvarezi):0.24908361375205645,(Xsignum,#H25:4.638013849279179::0.4401267691339006):3.2715480768342116);

main seed 72096
seed: 72096 for run 1
2017-07-17 9:2:11.206

 BEGIN SNaQ for run 1, seed 72096 and hmax 5
Begins heuristic optimization of network------

found best network, now we re-optimize branch lengths and gamma more precisely
STOPPED by number of failures criteria
END optTopLevel: found minimizer topology at step 129 (failures: 75) with -loglik=7002.39929 and ht_min=[0.16641,0.11608,0.13076,0.42797,3.48351,0.64296,0.41263,0.0,1.39951,0.29196,0.46802,0.65177,1.02012,1.08423,0.0,1.28227,0.63074,0.5946,1.42642,2.24828,2.34897,1.0647,9.48479,1.2649,0.32982,0.78911,1.45018,1.72132,1.27244,0.70118,0.25604,8.77358,10.0,0.26342,0.06928]
PERFORMANCE: total number of moves (proposed, successful, accepted) in general, and to fix gamma=0.0,t=0.0 cases
	--------moves general--------				 --------moves gamma,t------	
move	 Num.Proposed	 Num.Successful	 Num.Accepted	 | Num.Proposed	 Num.Successful	 Num.Accepted
add		 10		 10		 1	 |	 NA 		 NA 		 NA 
mvorigin	 35		 35		 1	 |	 0		 0		 --
mvtarget	 30		 20		 0	 |	 0		 0		 --
chdir		 25		 17		 0	 |	 0		 0		 --
delete		 0		 0		 0	 |	 0		 0		 --
nni		 29		 19		 0	 |	 0		 0		 --
Total		 129		 101		 2	 |	 0		 0		 0
Proportion	 -- 		 1.0		 0.0	 |	 -- 		 0.0		 0.0

 FINISHED SNaQ for run 1, -loglik of best 7002.399291373556
(Xmayae,((Xhellerii,(((((((((((Xgordoni,(Xmeyeri)#H28:::0.7917658156364353):0.40451927261513115,(Xcouchianus,#H28:::0.2082341843635646):0.40451927261513115):3.483506533563964,Xvariatus):0.6429616420399406,Xevelynae):0.4126259158239429,(Xxiphidium,#H24:4.602414586894178e-7::0.16640521359016483):1.3995095582827262):0.2919566636381394,Xmilleri):0.46802288095768213,Xandersi):0.651772429288499,Xmaculatus):1.0201180978112292,((((Xmontezumae,(Xcortezi,((Xmalinche_CHIC2,Xbirchmanni_GARC):1.0842305504839407)#H26:0.0::0.8692441340994583):1.28227185176435):0.630735504085786,((Xnigrensis,(Xmultilineatus)#H27:::0.8839197328613955):2.24828485055131,(#H27:::0.1160802671386045,(Xcontinens,Xpygmaeus):1.4264184506113204):0.5945981649420768):2.3489734470091466):1.064697187719031,#H26:9.484785616749749::0.1307558659005416):1.2648968552998952)#H24:0.32981754463078855::0.8335947864098352):0.7891077235719629,(Xclemenciae_F2,Xmonticolus):1.4501799904062769):1.72132498840175)#H25:1.2724388033721397::0.5720329964999711):0.7011831929351557,Xalvarezi):0.2560393536336405,(Xsignum,#H25:8.77358011475945::0.4279670035000289):10.0);
---------------------

2017-07-17 19:2:54.9
MaxNet is (Xmayae,((Xhellerii,(((((((((((Xgordoni,(Xmeyeri)#H28:::0.7917658156364353):0.40451927261513115,(Xcouchianus,#H28:::0.2082341843635646):0.40451927261513115):3.483506533563964,Xvariatus):0.6429616420399406,Xevelynae):0.4126259158239429,(Xxiphidium,#H24:4.602414586894178e-7::0.16640521359016483):1.3995095582827262):0.2919566636381394,Xmilleri):0.46802288095768213,Xandersi):0.651772429288499,Xmaculatus):1.0201180978112292,((((Xmontezumae,(Xcortezi,((Xmalinche_CHIC2,Xbirchmanni_GARC):1.0842305504839407)#H26:0.0::0.8692441340994583):1.28227185176435):0.630735504085786,((Xnigrensis,(Xmultilineatus)#H27:::0.8839197328613955):2.24828485055131,(#H27:::0.1160802671386045,(Xcontinens,Xpygmaeus):1.4264184506113204):0.5945981649420768):2.3489734470091466):1.064697187719031,#H26:9.484785616749749::0.1307558659005416):1.2648968552998952)#H24:0.32981754463078855::0.8335947864098352):0.7891077235719629,(Xclemenciae_F2,Xmonticolus):1.4501799904062769):1.72132498840175)#H25:1.2724388033721397::0.5720329964999711):0.7011831929351557,Xalvarezi):0.2560393536336405,(Xsignum,#H25:8.77358011475945::0.4279670035000289):10.0); 
with -loglik 7002.399291373556
