optimization of topology, BL and inheritance probabilities using:
 hmax = 5,
 tolerance parameters: ftolRel=1.0e-6, ftolAbs=1.0e-6,
                       xtolAbs=0.001, xtolRel=0.01.
 max number of failed proposals = 75, liktolAbs = 1.0e-6.
rootname for files: net5_6
BEGIN: 1 runs on starting tree (Xmayae,((Xhellerii,(((((((((((Xgordoni,Xmeyeri):0.2503497914751533,Xcouchianus):3.5143166368487426,Xvariatus):0.6445944360537064,Xevelynae):0.4113658990914516,(Xxiphidium,#H24:5.262467132163245e-7::0.16816746656535694):1.3699787556284733):0.29194656618000037,Xmilleri):0.4679423183559616,Xandersi):0.6530709937282461,Xmaculatus):1.0254812089946383,((((Xmontezumae,(Xcortezi,((Xmalinche_CHIC2,Xbirchmanni_GARC):1.0805658683802386)#H26:0.0::0.8652558957282537):1.2852462212448634):0.6355801429124722,((Xcontinens,(Xpygmaeus,#H27:::0.04213539011675838):1.2279567731725056):2.0871431952461132,(Xnigrensis,(Xmultilineatus)#H27:::0.9578646098832416):1.7345346439397828):2.3420750778636994):1.0176187742045466,#H26:8.593130851108928::0.1347441042717463):1.4215052569879263)#H24:0.11134815801376252::0.831832533434643):0.7855905848434657,(Xclemenciae_F2,Xmonticolus):1.4539995041315041):1.688639355236414)#H25:1.7167114098272962::0.5598732308660994):0.7276810667457978,Xalvarezi):0.24908361375205645,(Xsignum,#H25:4.638013849279179::0.4401267691339006):3.2715480768342116);

main seed 49281
seed: 49281 for run 1
2017-07-17 9:1:32.714

 BEGIN SNaQ for run 1, seed 49281 and hmax 5 changed starting topology by NNI move

Begins heuristic optimization of network------

found best network, now we re-optimize branch lengths and gamma more precisely
STOPPED by number of failures criteria
END optTopLevel: found minimizer topology at step 310 (failures: 75) with -loglik=7039.67709 and ht_min=[0.16835,0.09995,0.13108,0.43049,0.30463,0.47394,3.36734,0.64705,0.41245,0.0,1.36724,0.29189,0.46958,0.65034,1.02622,1.08585,0.0,1.28191,0.63153,0.88852,1.13588,2.12278,2.33757,1.07663,7.96217,1.42893,0.00618,0.78789,1.45729,1.90955,0.07305,0.66379,0.25107,3.58214,4.99245,0.2453]
PERFORMANCE: total number of moves (proposed, successful, accepted) in general, and to fix gamma=0.0,t=0.0 cases
	--------moves general--------				 --------moves gamma,t------	
move	 Num.Proposed	 Num.Successful	 Num.Accepted	 | Num.Proposed	 Num.Successful	 Num.Accepted
add		 6		 5		 1	 |	 NA 		 NA 		 NA 
mvorigin	 76		 76		 9	 |	 0		 0		 --
mvtarget	 83		 53		 4	 |	 0		 0		 --
chdir		 72		 51		 5	 |	 0		 0		 --
delete		 0		 0		 0	 |	 0		 0		 --
nni		 73		 55		 1	 |	 1		 1		 --
Total		 310		 240		 20	 |	 1		 1		 1
Proportion	 -- 		 1.0		 0.1	 |	 -- 		 1.0		 1.0

 FINISHED SNaQ for run 1, -loglik of best 7039.677086826521
(Xmayae,((Xhellerii,(((Xclemenciae_F2,Xmonticolus):1.4572865375902486,(((((((((Xcouchianus)#H28:::0.695366461368498,(Xgordoni,(Xmeyeri,#H28:::0.304633538631502):0.24529599869421215):0.4739437644930273):3.3673368167052677,Xvariatus):0.6470517863969142,Xevelynae):0.4124540151339035,(Xxiphidium,#H24:5.49733974106979e-7::0.16835465238202604):1.3672443625453372):0.29189229533315086,Xmilleri):0.46957678346283543,Xandersi):0.6503441439182851,Xmaculatus):1.0262173575562297,((((Xmontezumae,(Xcortezi,((Xmalinche_CHIC2,Xbirchmanni_GARC):1.0858482180224382)#H26:0.0::0.8689168908480294):1.281912439716546):0.6315300055587516,((Xnigrensis,(Xmultilineatus)#H27:::0.9000490458841447):2.1227801493744147,(#H27:::0.09995095411585535,(Xpygmaeus,Xcontinens):1.1358802266715875):0.888515634867954):2.337566486007805):1.0766265233928471,#H26:7.962168840243489::0.1310831091519706):1.4289341066270513)#H24:0.006182908271286355::0.8316453476179739):0.7878857235960504):1.909549997909301)#H25:0.07304978045931428::0.5695084956353338):0.6637894758515172,Xalvarezi):0.2510712925597051,(Xsignum,#H25:3.5821439724084927::0.43049150436466627):4.99245347781696);
---------------------

2017-07-18 8:18:2.676
MaxNet is (Xmayae,((Xhellerii,(((Xclemenciae_F2,Xmonticolus):1.4572865375902486,(((((((((Xcouchianus)#H28:::0.695366461368498,(Xgordoni,(Xmeyeri,#H28:::0.304633538631502):0.24529599869421215):0.4739437644930273):3.3673368167052677,Xvariatus):0.6470517863969142,Xevelynae):0.4124540151339035,(Xxiphidium,#H24:5.49733974106979e-7::0.16835465238202604):1.3672443625453372):0.29189229533315086,Xmilleri):0.46957678346283543,Xandersi):0.6503441439182851,Xmaculatus):1.0262173575562297,((((Xmontezumae,(Xcortezi,((Xmalinche_CHIC2,Xbirchmanni_GARC):1.0858482180224382)#H26:0.0::0.8689168908480294):1.281912439716546):0.6315300055587516,((Xnigrensis,(Xmultilineatus)#H27:::0.9000490458841447):2.1227801493744147,(#H27:::0.09995095411585535,(Xpygmaeus,Xcontinens):1.1358802266715875):0.888515634867954):2.337566486007805):1.0766265233928471,#H26:7.962168840243489::0.1310831091519706):1.4289341066270513)#H24:0.006182908271286355::0.8316453476179739):0.7878857235960504):1.909549997909301)#H25:0.07304978045931428::0.5695084956353338):0.6637894758515172,Xalvarezi):0.2510712925597051,(Xsignum,#H25:3.5821439724084927::0.43049150436466627):4.99245347781696); 
with -loglik 7039.677086826521
