optimization of topology, BL and inheritance probabilities using:
 hmax = 5,
 tolerance parameters: ftolRel=1.0e-6, ftolAbs=1.0e-6,
                       xtolAbs=0.001, xtolRel=0.01.
 max number of failed proposals = 75, liktolAbs = 1.0e-6.
rootname for files: net5_2
BEGIN: 1 runs on starting tree (Xmayae,((Xhellerii,(((((((((((Xgordoni,Xmeyeri):0.2503497914751533,Xcouchianus):3.5143166368487426,Xvariatus):0.6445944360537064,Xevelynae):0.4113658990914516,(Xxiphidium,#H24:5.262467132163245e-7::0.16816746656535694):1.3699787556284733):0.29194656618000037,Xmilleri):0.4679423183559616,Xandersi):0.6530709937282461,Xmaculatus):1.0254812089946383,((((Xmontezumae,(Xcortezi,((Xmalinche_CHIC2,Xbirchmanni_GARC):1.0805658683802386)#H26:0.0::0.8652558957282537):1.2852462212448634):0.6355801429124722,((Xcontinens,(Xpygmaeus,#H27:::0.04213539011675838):1.2279567731725056):2.0871431952461132,(Xnigrensis,(Xmultilineatus)#H27:::0.9578646098832416):1.7345346439397828):2.3420750778636994):1.0176187742045466,#H26:8.593130851108928::0.1347441042717463):1.4215052569879263)#H24:0.11134815801376252::0.831832533434643):0.7855905848434657,(Xclemenciae_F2,Xmonticolus):1.4539995041315041):1.688639355236414)#H25:1.7167114098272962::0.5598732308660994):0.7276810667457978,Xalvarezi):0.24908361375205645,(Xsignum,#H25:4.638013849279179::0.4401267691339006):3.2715480768342116);

main seed 46308
seed: 46308 for run 1
2017-07-17 8:58:9.028

 BEGIN SNaQ for run 1, seed 46308 and hmax 5
Begins heuristic optimization of network------

found best network, now we re-optimize branch lengths and gamma more precisely
STOPPED by number of failures criteria
END optTopLevel: found minimizer topology at step 151 (failures: 75) with -loglik=6942.71168 and ht_min=[0.16681,0.08037,0.13059,0.43038,0.08015,0.26288,3.53162,0.64553,0.41117,0.0,1.37417,0.29298,0.46993,0.64959,1.02193,1.07658,0.02033,1.27951,0.63422,0.88799,1.11336,1.92673,2.34367,1.10395,7.24693,1.24813,0.30237,0.75779,0.64738,1.94928,1.05812,0.68228,0.28538,9.77258,4.89725,1.14973]
PERFORMANCE: total number of moves (proposed, successful, accepted) in general, and to fix gamma=0.0,t=0.0 cases
	--------moves general--------				 --------moves gamma,t------	
move	 Num.Proposed	 Num.Successful	 Num.Accepted	 | Num.Proposed	 Num.Successful	 Num.Accepted
add		 11		 10		 1	 |	 NA 		 NA 		 NA 
mvorigin	 31		 31		 1	 |	 0		 0		 --
mvtarget	 32		 24		 0	 |	 0		 0		 --
chdir		 39		 28		 0	 |	 0		 0		 --
delete		 0		 0		 0	 |	 0		 0		 --
nni		 38		 25		 0	 |	 0		 0		 --
Total		 151		 118		 2	 |	 0		 0		 0
Proportion	 -- 		 1.0		 0.0	 |	 -- 		 0.0		 0.0

 FINISHED SNaQ for run 1, -loglik of best 6942.711676926755
(Xmayae,((Xhellerii,((((((((((((Xgordoni,Xmeyeri):0.26288003539447563,Xcouchianus):3.5316206217653274,Xvariatus):0.6455291326119673,Xevelynae):0.4111685702431165,(Xxiphidium,#H24:5.24460669974415e-7::0.1668054423118095):1.3741742525902727):0.2929829215332769,Xmilleri):0.4699283116965078,Xandersi):0.6495881117323812,Xmaculatus):1.0219292263416704,((((Xmontezumae,(Xcortezi,((Xmalinche_CHIC2,Xbirchmanni_GARC):1.076581051819183)#H26:0.020332521129393374::0.869412679921953):1.2795080898457403):0.6342192691008461,((Xnigrensis,(Xmultilineatus)#H27:::0.9196276851750825):1.9267265788980392,(#H27:::0.0803723148249175,(Xcontinens,Xpygmaeus):1.1133638730620816):0.8879852120835154):2.343672147813728):1.103951991906288,#H26:7.246926015211305::0.13058732007804696):1.2481251155312258)#H24:0.3023656122436739::0.8331945576881905):0.757785564757215,(Xmonticolus,(Xclemenciae_F2)#H28:::0.9198459069223606):1.949276643450234):1.149729004325246,#H28:::0.08015409307763947):0.6473757665476981)#H25:1.0581245012020082::0.569624299891438):0.6822757414084448,Xalvarezi):0.28538412154183945,(Xsignum,#H25:9.772583434987848::0.4303757001085619):4.897252902886207);
---------------------

2017-07-17 20:18:53.332
MaxNet is (Xmayae,((Xhellerii,((((((((((((Xgordoni,Xmeyeri):0.26288003539447563,Xcouchianus):3.5316206217653274,Xvariatus):0.6455291326119673,Xevelynae):0.4111685702431165,(Xxiphidium,#H24:5.24460669974415e-7::0.1668054423118095):1.3741742525902727):0.2929829215332769,Xmilleri):0.4699283116965078,Xandersi):0.6495881117323812,Xmaculatus):1.0219292263416704,((((Xmontezumae,(Xcortezi,((Xmalinche_CHIC2,Xbirchmanni_GARC):1.076581051819183)#H26:0.020332521129393374::0.869412679921953):1.2795080898457403):0.6342192691008461,((Xnigrensis,(Xmultilineatus)#H27:::0.9196276851750825):1.9267265788980392,(#H27:::0.0803723148249175,(Xcontinens,Xpygmaeus):1.1133638730620816):0.8879852120835154):2.343672147813728):1.103951991906288,#H26:7.246926015211305::0.13058732007804696):1.2481251155312258)#H24:0.3023656122436739::0.8331945576881905):0.757785564757215,(Xmonticolus,(Xclemenciae_F2)#H28:::0.9198459069223606):1.949276643450234):1.149729004325246,#H28:::0.08015409307763947):0.6473757665476981)#H25:1.0581245012020082::0.569624299891438):0.6822757414084448,Xalvarezi):0.28538412154183945,(Xsignum,#H25:9.772583434987848::0.4303757001085619):4.897252902886207); 
with -loglik 6942.711676926755
