optimization of topology, BL and inheritance probabilities using:
 hmax = 5,
 tolerance parameters: ftolRel=1.0e-6, ftolAbs=1.0e-6,
                       xtolAbs=0.001, xtolRel=0.01.
 max number of failed proposals = 75, liktolAbs = 1.0e-6.
rootname for files: net5_3
BEGIN: 1 runs on starting tree (Xmayae,((Xhellerii,(((((((((((Xgordoni,Xmeyeri):0.2503497914751533,Xcouchianus):3.5143166368487426,Xvariatus):0.6445944360537064,Xevelynae):0.4113658990914516,(Xxiphidium,#H24:5.262467132163245e-7::0.16816746656535694):1.3699787556284733):0.29194656618000037,Xmilleri):0.4679423183559616,Xandersi):0.6530709937282461,Xmaculatus):1.0254812089946383,((((Xmontezumae,(Xcortezi,((Xmalinche_CHIC2,Xbirchmanni_GARC):1.0805658683802386)#H26:0.0::0.8652558957282537):1.2852462212448634):0.6355801429124722,((Xcontinens,(Xpygmaeus,#H27:::0.04213539011675838):1.2279567731725056):2.0871431952461132,(Xnigrensis,(Xmultilineatus)#H27:::0.9578646098832416):1.7345346439397828):2.3420750778636994):1.0176187742045466,#H26:8.593130851108928::0.1347441042717463):1.4215052569879263)#H24:0.11134815801376252::0.831832533434643):0.7855905848434657,(Xclemenciae_F2,Xmonticolus):1.4539995041315041):1.688639355236414)#H25:1.7167114098272962::0.5598732308660994):0.7276810667457978,Xalvarezi):0.24908361375205645,(Xsignum,#H25:4.638013849279179::0.4401267691339006):3.2715480768342116);

main seed 80634
seed: 80634 for run 1
2017-07-17 8:58:17.112

 BEGIN SNaQ for run 1, seed 80634 and hmax 5 changed starting topology by NNI move

Begins heuristic optimization of network------

found best network, now we re-optimize branch lengths and gamma more precisely
STOPPED by number of failures criteria
END optTopLevel: found minimizer topology at step 267 (failures: 75) with -loglik=7633.28058 and ht_min=[0.18028,0.10771,0.13175,0.42531,0.00307,0.08303,3.94674,0.6487,0.00029,0.0,1.11301,0.46618,0.49719,0.64438,1.03117,1.08284,0.0,1.28831,0.63241,0.6994,1.31419,2.15061,2.33842,1.07734,8.84,1.42924,0.00403,0.78051,1.45607,1.83614,0.44836,0.6627,0.24433,2.52476,6.72447,0.15076,0.19464,0.1103]
PERFORMANCE: total number of moves (proposed, successful, accepted) in general, and to fix gamma=0.0,t=0.0 cases
	--------moves general--------				 --------moves gamma,t------	
move	 Num.Proposed	 Num.Successful	 Num.Accepted	 | Num.Proposed	 Num.Successful	 Num.Accepted
add		 2		 2		 1	 |	 NA 		 NA 		 NA 
mvorigin	 78		 78		 7	 |	 0		 0		 --
mvtarget	 55		 45		 0	 |	 0		 0		 --
chdir		 70		 46		 2	 |	 0		 0		 --
delete		 0		 0		 0	 |	 0		 0		 --
nni		 62		 43		 0	 |	 1		 1		 --
Total		 267		 214		 10	 |	 1		 1		 1
Proportion	 -- 		 1.0		 0.0	 |	 -- 		 1.0		 1.0

 FINISHED SNaQ for run 1, -loglik of best 7633.280580058625
(Xmayae,((Xhellerii,(((Xclemenciae_F2,Xmonticolus):1.4560693474532158,(((((Xxiphidium,#H24:6.845632024665424e-7::0.1802838537712338):1.1130073631807003,(((((Xcouchianus,((Xgordoni,Xmeyeri):0.08303315516967277)#H28:0.19464362597967927::0.9969330856427974):3.9467398960819,Xvariatus):0.6486982443773867,Xevelynae):0.46617829420133894,Xmilleri):0.00028766029408423507,#H28:0.11029821148066846::0.0030669143572026325):0.15076425333548937):0.4971937225516446,Xandersi):0.6443847155714035,Xmaculatus):1.0311734998824427,((((Xmontezumae,(Xcortezi,((Xmalinche_CHIC2,Xbirchmanni_GARC):1.0828402385721103)#H26:0.0::0.8682515832951587):1.2883055298055777):0.6324056951221669,((Xnigrensis,(Xmultilineatus)#H27:::0.8922947657134437):2.1506117866396037,(#H27:::0.10770523428655636,(Xcontinens,Xpygmaeus):1.314190748211478):0.6994016839952886):2.338416055583812):1.0773373426927706,#H26:8.839996191038317::0.13174841670484122):1.42924234519295)#H24:0.0040310019226508405::0.8197161462287662):0.7805094831503198):1.8361399979753121)#H25:0.44836283574588776::0.5746886262779958):0.6627032084670055,Xalvarezi):0.24433039073501647,(Xsignum,#H25:2.5247607898176563::0.42531137372200417):6.724466868422536);
---------------------

2017-07-18 7:30:25.848
MaxNet is (Xmayae,((Xhellerii,(((Xclemenciae_F2,Xmonticolus):1.4560693474532158,(((((Xxiphidium,#H24:6.845632024665424e-7::0.1802838537712338):1.1130073631807003,(((((Xcouchianus,((Xgordoni,Xmeyeri):0.08303315516967277)#H28:0.19464362597967927::0.9969330856427974):3.9467398960819,Xvariatus):0.6486982443773867,Xevelynae):0.46617829420133894,Xmilleri):0.00028766029408423507,#H28:0.11029821148066846::0.0030669143572026325):0.15076425333548937):0.4971937225516446,Xandersi):0.6443847155714035,Xmaculatus):1.0311734998824427,((((Xmontezumae,(Xcortezi,((Xmalinche_CHIC2,Xbirchmanni_GARC):1.0828402385721103)#H26:0.0::0.8682515832951587):1.2883055298055777):0.6324056951221669,((Xnigrensis,(Xmultilineatus)#H27:::0.8922947657134437):2.1506117866396037,(#H27:::0.10770523428655636,(Xcontinens,Xpygmaeus):1.314190748211478):0.6994016839952886):2.338416055583812):1.0773373426927706,#H26:8.839996191038317::0.13174841670484122):1.42924234519295)#H24:0.0040310019226508405::0.8197161462287662):0.7805094831503198):1.8361399979753121)#H25:0.44836283574588776::0.5746886262779958):0.6627032084670055,Xalvarezi):0.24433039073501647,(Xsignum,#H25:2.5247607898176563::0.42531137372200417):6.724466868422536); 
with -loglik 7633.280580058625
