optimization of topology, BL and inheritance probabilities using:
 hmax = 5,
 tolerance parameters: ftolRel=1.0e-6, ftolAbs=1.0e-6,
                       xtolAbs=0.001, xtolRel=0.01.
 max number of failed proposals = 75, liktolAbs = 1.0e-6.
rootname for files: net5_1
BEGIN: 1 runs on starting tree (Xmayae,((Xhellerii,(((((((((((Xgordoni,Xmeyeri):0.2503497914751533,Xcouchianus):3.5143166368487426,Xvariatus):0.6445944360537064,Xevelynae):0.4113658990914516,(Xxiphidium,#H24:5.262467132163245e-7::0.16816746656535694):1.3699787556284733):0.29194656618000037,Xmilleri):0.4679423183559616,Xandersi):0.6530709937282461,Xmaculatus):1.0254812089946383,((((Xmontezumae,(Xcortezi,((Xmalinche_CHIC2,Xbirchmanni_GARC):1.0805658683802386)#H26:0.0::0.8652558957282537):1.2852462212448634):0.6355801429124722,((Xcontinens,(Xpygmaeus,#H27:::0.04213539011675838):1.2279567731725056):2.0871431952461132,(Xnigrensis,(Xmultilineatus)#H27:::0.9578646098832416):1.7345346439397828):2.3420750778636994):1.0176187742045466,#H26:8.593130851108928::0.1347441042717463):1.4215052569879263)#H24:0.11134815801376252::0.831832533434643):0.7855905848434657,(Xclemenciae_F2,Xmonticolus):1.4539995041315041):1.688639355236414)#H25:1.7167114098272962::0.5598732308660994):0.7276810667457978,Xalvarezi):0.24908361375205645,(Xsignum,#H25:4.638013849279179::0.4401267691339006):3.2715480768342116);

main seed 38352
seed: 38352 for run 1
2017-07-17 8:57:44.009

 BEGIN SNaQ for run 1, seed 38352 and hmax 5
Begins heuristic optimization of network------

found best network, now we re-optimize branch lengths and gamma more precisely
STOPPED by number of failures criteria
END optTopLevel: found minimizer topology at step 116 (failures: 75) with -loglik=6999.24112 and ht_min=[0.16679,0.13772,0.13152,0.42843,3.49528,0.64563,0.41175,0.0,1.37664,0.2933,0.4682,0.64838,1.025,1.08148,0.0,1.28483,0.62993,0.48987,1.52481,2.46338,2.34215,1.07199,8.93902,1.23351,0.38346,0.7884,1.45573,1.88985,0.16463,0.66754,0.25361,9.99865,5.01418,0.25579,0.07439]
PERFORMANCE: total number of moves (proposed, successful, accepted) in general, and to fix gamma=0.0,t=0.0 cases
	--------moves general--------				 --------moves gamma,t------	
move	 Num.Proposed	 Num.Successful	 Num.Accepted	 | Num.Proposed	 Num.Successful	 Num.Accepted
add		 7		 6		 1	 |	 NA 		 NA 		 NA 
mvorigin	 33		 33		 1	 |	 0		 0		 --
mvtarget	 26		 21		 0	 |	 0		 0		 --
chdir		 20		 18		 1	 |	 0		 0		 --
delete		 0		 0		 0	 |	 0		 0		 --
nni		 30		 25		 0	 |	 0		 0		 --
Total		 116		 103		 3	 |	 0		 0		 0
Proportion	 -- 		 1.0		 0.0	 |	 -- 		 0.0		 0.0

 FINISHED SNaQ for run 1, -loglik of best 6999.241122955155
(Xmayae,((Xhellerii,(((((((((((Xgordoni,(Xmeyeri)#H28:::0.7746886675194791):0.40074372006729453,(Xcouchianus,#H28:::0.22531133248052088):0.40074372006729453):3.4952809089450683,Xvariatus):0.645627783732292,Xevelynae):0.41175407558741817,(Xxiphidium,#H24:5.176426029840027e-7::0.16678840827779154):1.3766375732066838):0.2932958908638283,Xmilleri):0.46819935500569915,Xandersi):0.6483835545831867,Xmaculatus):1.0250032635028505,((((Xmontezumae,(Xcortezi,((Xmalinche_CHIC2,Xbirchmanni_GARC):1.0814794613522483)#H26:0.0::0.868478786561437):1.2848331748300676):0.6299324053258895,((Xnigrensis,(Xmultilineatus)#H27:::0.8622806025957371):2.4633788942418846,(#H27:::0.13771939740426287,(Xcontinens,Xpygmaeus):1.524812920089109):0.48987404727148004):2.3421491039418108):1.0719870315767945,#H26:8.93902168828472::0.13152121343856307):1.233512976441428)#H24:0.38345680068876364::0.8332115917222085):0.7883964087880282,(Xclemenciae_F2,Xmonticolus):1.45573410992478):1.889846616757139)#H25:0.16462653539706332::0.5715674801848896):0.6675413807090982,Xalvarezi):0.2536098077427868,(Xsignum,#H25:9.99865211226777::0.4284325198151104):5.014180484325827);
---------------------

2017-07-17 18:15:0.096
MaxNet is (Xmayae,((Xhellerii,(((((((((((Xgordoni,(Xmeyeri)#H28:::0.7746886675194791):0.40074372006729453,(Xcouchianus,#H28:::0.22531133248052088):0.40074372006729453):3.4952809089450683,Xvariatus):0.645627783732292,Xevelynae):0.41175407558741817,(Xxiphidium,#H24:5.176426029840027e-7::0.16678840827779154):1.3766375732066838):0.2932958908638283,Xmilleri):0.46819935500569915,Xandersi):0.6483835545831867,Xmaculatus):1.0250032635028505,((((Xmontezumae,(Xcortezi,((Xmalinche_CHIC2,Xbirchmanni_GARC):1.0814794613522483)#H26:0.0::0.868478786561437):1.2848331748300676):0.6299324053258895,((Xnigrensis,(Xmultilineatus)#H27:::0.8622806025957371):2.4633788942418846,(#H27:::0.13771939740426287,(Xcontinens,Xpygmaeus):1.524812920089109):0.48987404727148004):2.3421491039418108):1.0719870315767945,#H26:8.93902168828472::0.13152121343856307):1.233512976441428)#H24:0.38345680068876364::0.8332115917222085):0.7883964087880282,(Xclemenciae_F2,Xmonticolus):1.45573410992478):1.889846616757139)#H25:0.16462653539706332::0.5715674801848896):0.6675413807090982,Xalvarezi):0.2536098077427868,(Xsignum,#H25:9.99865211226777::0.4284325198151104):5.014180484325827); 
with -loglik 6999.241122955155
