optimization of topology, BL and inheritance probabilities using:
 hmax = 5,
 tolerance parameters: ftolRel=1.0e-6, ftolAbs=1.0e-6,
                       xtolAbs=0.001, xtolRel=0.01.
 max number of failed proposals = 75, liktolAbs = 1.0e-6.
rootname for files: net5_8
BEGIN: 1 runs on starting tree (Xmayae,((Xhellerii,(((((((((((Xgordoni,Xmeyeri):0.2503497914751533,Xcouchianus):3.5143166368487426,Xvariatus):0.6445944360537064,Xevelynae):0.4113658990914516,(Xxiphidium,#H24:5.262467132163245e-7::0.16816746656535694):1.3699787556284733):0.29194656618000037,Xmilleri):0.4679423183559616,Xandersi):0.6530709937282461,Xmaculatus):1.0254812089946383,((((Xmontezumae,(Xcortezi,((Xmalinche_CHIC2,Xbirchmanni_GARC):1.0805658683802386)#H26:0.0::0.8652558957282537):1.2852462212448634):0.6355801429124722,((Xcontinens,(Xpygmaeus,#H27:::0.04213539011675838):1.2279567731725056):2.0871431952461132,(Xnigrensis,(Xmultilineatus)#H27:::0.9578646098832416):1.7345346439397828):2.3420750778636994):1.0176187742045466,#H26:8.593130851108928::0.1347441042717463):1.4215052569879263)#H24:0.11134815801376252::0.831832533434643):0.7855905848434657,(Xclemenciae_F2,Xmonticolus):1.4539995041315041):1.688639355236414)#H25:1.7167114098272962::0.5598732308660994):0.7276810667457978,Xalvarezi):0.24908361375205645,(Xsignum,#H25:4.638013849279179::0.4401267691339006):3.2715480768342116);

main seed 87783
seed: 87783 for run 1
2017-07-17 9:1:47.323

 BEGIN SNaQ for run 1, seed 87783 and hmax 5 changed starting topology by NNI move

 changed starting network by move origin
Begins heuristic optimization of network------

found best network, now we re-optimize branch lengths and gamma more precisely
STOPPED by number of failures criteria
END optTopLevel: found minimizer topology at step 161 (failures: 75) with -loglik=7009.43733 and ht_min=[0.16811,0.09787,0.12654,0.43423,0.06955,0.24979,3.53725,0.64316,0.41315,0.0,1.38173,0.2943,0.46827,0.6507,1.02454,1.07683,0.0025,1.25139,0.62547,0.88935,1.13743,2.07235,2.34252,1.12567,8.77652,1.38615,0.00704,1.59928,0.84295,1.96125,1.03253,2.16171,0.70025,0.25786,4.99022,4.12254,0.00662,0.28232]
PERFORMANCE: total number of moves (proposed, successful, accepted) in general, and to fix gamma=0.0,t=0.0 cases
	--------moves general--------				 --------moves gamma,t------	
move	 Num.Proposed	 Num.Successful	 Num.Accepted	 | Num.Proposed	 Num.Successful	 Num.Accepted
add		 1		 1		 1	 |	 NA 		 NA 		 NA 
mvorigin	 46		 46		 5	 |	 0		 0		 --
mvtarget	 36		 29		 1	 |	 0		 0		 --
chdir		 36		 27		 3	 |	 0		 0		 --
delete		 0		 0		 0	 |	 0		 0		 --
nni		 42		 35		 0	 |	 2		 2		 --
Total		 161		 138		 10	 |	 2		 2		 1
Proportion	 -- 		 1.0		 0.1	 |	 -- 		 1.0		 0.5

 FINISHED SNaQ for run 1, -loglik of best 7009.43732783865
(Xmayae,((Xhellerii,(((Xclemenciae_F2,(Xmonticolus,#H28:0.28231710514055913::0.06954739538795406):1.0325286576044275):1.961251593323585,((((((((Xvariatus,((Xgordoni,Xmeyeri):0.24979316266794246,Xcouchianus):3.5372484414766983):0.6431566715437966,Xevelynae):0.4131523272118396,(Xxiphidium,#H24:4.0584598665211324e-7::0.16810755786013473):1.3817330616575823):0.29429513754157605,Xmilleri):0.46827061826386396,Xandersi):0.6506987498612582,Xmaculatus):1.024535544593779,((((Xmontezumae,(Xcortezi,((Xmalinche_CHIC2,Xbirchmanni_GARC):1.0768250931036334)#H26:0.0025018002460629055::0.8734621974454064):1.2513890579744722):0.6254662878392563,((Xnigrensis,(Xmultilineatus)#H27:::0.9021258599260621):2.072350411122875,(#H27:::0.09787414007393795,(Xcontinens,Xpygmaeus):1.1374322132015384):0.8893534648539169):2.3425220366679453):1.125666684974244,#H26:8.776521163168294::0.12653780255459363):1.38615042882503)#H24:0.00704035046235347::0.8318924421398652):0.8429493949771542)#H28:0.006623842463625193::0.9304526046120459):1.5992758293263578)#H25:2.1617073385282835::0.5657655953807456):0.7002511904253721,Xalvarezi):0.2578597022841858,(Xsignum,#H25:4.99021839514767::0.43423440461925444):4.122536469860681);
---------------------

2017-07-17 23:38:8.966
MaxNet is (Xmayae,((Xhellerii,(((Xclemenciae_F2,(Xmonticolus,#H28:0.28231710514055913::0.06954739538795406):1.0325286576044275):1.961251593323585,((((((((Xvariatus,((Xgordoni,Xmeyeri):0.24979316266794246,Xcouchianus):3.5372484414766983):0.6431566715437966,Xevelynae):0.4131523272118396,(Xxiphidium,#H24:4.0584598665211324e-7::0.16810755786013473):1.3817330616575823):0.29429513754157605,Xmilleri):0.46827061826386396,Xandersi):0.6506987498612582,Xmaculatus):1.024535544593779,((((Xmontezumae,(Xcortezi,((Xmalinche_CHIC2,Xbirchmanni_GARC):1.0768250931036334)#H26:0.0025018002460629055::0.8734621974454064):1.2513890579744722):0.6254662878392563,((Xnigrensis,(Xmultilineatus)#H27:::0.9021258599260621):2.072350411122875,(#H27:::0.09787414007393795,(Xcontinens,Xpygmaeus):1.1374322132015384):0.8893534648539169):2.3425220366679453):1.125666684974244,#H26:8.776521163168294::0.12653780255459363):1.38615042882503)#H24:0.00704035046235347::0.8318924421398652):0.8429493949771542)#H28:0.006623842463625193::0.9304526046120459):1.5992758293263578)#H25:2.1617073385282835::0.5657655953807456):0.7002511904253721,Xalvarezi):0.2578597022841858,(Xsignum,#H25:4.99021839514767::0.43423440461925444):4.122536469860681); 
with -loglik 7009.43732783865
