optimization of topology, BL and inheritance probabilities using:
 hmax = 5,
 tolerance parameters: ftolRel=1.0e-6, ftolAbs=1.0e-6,
                       xtolAbs=0.001, xtolRel=0.01.
 max number of failed proposals = 75, liktolAbs = 1.0e-6.
rootname for files: net5_4
BEGIN: 1 runs on starting tree (Xmayae,((Xhellerii,(((((((((((Xgordoni,Xmeyeri):0.2503497914751533,Xcouchianus):3.5143166368487426,Xvariatus):0.6445944360537064,Xevelynae):0.4113658990914516,(Xxiphidium,#H24:5.262467132163245e-7::0.16816746656535694):1.3699787556284733):0.29194656618000037,Xmilleri):0.4679423183559616,Xandersi):0.6530709937282461,Xmaculatus):1.0254812089946383,((((Xmontezumae,(Xcortezi,((Xmalinche_CHIC2,Xbirchmanni_GARC):1.0805658683802386)#H26:0.0::0.8652558957282537):1.2852462212448634):0.6355801429124722,((Xcontinens,(Xpygmaeus,#H27:::0.04213539011675838):1.2279567731725056):2.0871431952461132,(Xnigrensis,(Xmultilineatus)#H27:::0.9578646098832416):1.7345346439397828):2.3420750778636994):1.0176187742045466,#H26:8.593130851108928::0.1347441042717463):1.4215052569879263)#H24:0.11134815801376252::0.831832533434643):0.7855905848434657,(Xclemenciae_F2,Xmonticolus):1.4539995041315041):1.688639355236414)#H25:1.7167114098272962::0.5598732308660994):0.7276810667457978,Xalvarezi):0.24908361375205645,(Xsignum,#H25:4.638013849279179::0.4401267691339006):3.2715480768342116);

main seed 6344
seed: 6344 for run 1
2017-07-17 8:58:25.445

 BEGIN SNaQ for run 1, seed 6344 and hmax 5 changed starting topology by NNI move

 changed starting network by move target
Begins heuristic optimization of network------

found best network, now we re-optimize branch lengths and gamma more precisely
STOPPED by number of failures criteria
END optTopLevel: found minimizer topology at step 253 (failures: 75) with -loglik=7512.06053 and ht_min=[0.16845,0.11789,0.13808,0.57899,0.03143,0.26847,1.53639,0.69637,0.02015,0.0,1.35096,0.29088,0.47001,0.65175,1.02294,1.08959,0.0,1.32366,0.6335,0.76489,1.25717,2.28432,2.33741,0.99318,7.60534,1.50588,0.00165,0.78735,1.44998,0.27975,1.95604,0.75523,1.23466,6.76881,0.40929,4.19385,0.04783]
PERFORMANCE: total number of moves (proposed, successful, accepted) in general, and to fix gamma=0.0,t=0.0 cases
	--------moves general--------				 --------moves gamma,t------	
move	 Num.Proposed	 Num.Successful	 Num.Accepted	 | Num.Proposed	 Num.Successful	 Num.Accepted
add		 4		 4		 1	 |	 NA 		 NA 		 NA 
mvorigin	 60		 60		 4	 |	 0		 0		 --
mvtarget	 58		 43		 1	 |	 0		 0		 --
chdir		 63		 41		 2	 |	 0		 0		 --
delete		 0		 0		 0	 |	 0		 0		 --
nni		 68		 51		 0	 |	 2		 2		 --
Total		 253		 199		 8	 |	 2		 2		 1
Proportion	 -- 		 1.0		 0.0	 |	 -- 		 1.0		 0.5

 FINISHED SNaQ for run 1, -loglik of best 7512.060531625546
(Xmayae,(Xalvarezi,#H25:0.2797465642350093::0.4210071404959175):0.7552259528574782,(Xsignum,((Xhellerii,(((((((Xxiphidium,#H24:0.0::0.1684514034058844):1.3509621294542784,(((Xvariatus,(((Xgordoni,Xmeyeri):0.2684694152380624,Xcouchianus):1.5363936694293576)#H28:4.193854259641037::0.9685749898615333):0.6963733876080468,Xevelynae):0.40929209239445513,#H28:0.04783104750691631::0.031425010138466616):0.02015173351912605):0.2908784067750922,Xmilleri):0.47001347238270336,Xandersi):0.6517549254143379,Xmaculatus):1.022936040332111,((((Xmontezumae,(Xcortezi,((Xmalinche_CHIC2,Xbirchmanni_GARC):1.0895932005956794)#H26:0.0::0.8619215713723191):1.3236576591941636):0.6334996072660138,((Xnigrensis,(Xmultilineatus)#H27:::0.8821076868120621):2.2843248420759994,(#H27:::0.11789231318793787,(Xcontinens,Xpygmaeus):1.2571742816971494):0.7648900122466474):2.3374124802222767):0.9931844929698619,#H26:7.605338685839334::0.13807842862768097):1.5058774632845917)#H24:0.0016512660088359677::0.8315485965941156):0.7873454996293361,(Xclemenciae_F2,Xmonticolus):1.4499771574170808):1.9560432881238188):0.0)#H25:1.2346586115736762::0.5789928595040825):6.768805241792267);
---------------------

2017-07-18 3:14:39.977
MaxNet is (Xmayae,(Xalvarezi,#H25:0.2797465642350093::0.4210071404959175):0.7552259528574782,(Xsignum,((Xhellerii,(((((((Xxiphidium,#H24:0.0::0.1684514034058844):1.3509621294542784,(((Xvariatus,(((Xgordoni,Xmeyeri):0.2684694152380624,Xcouchianus):1.5363936694293576)#H28:4.193854259641037::0.9685749898615333):0.6963733876080468,Xevelynae):0.40929209239445513,#H28:0.04783104750691631::0.031425010138466616):0.02015173351912605):0.2908784067750922,Xmilleri):0.47001347238270336,Xandersi):0.6517549254143379,Xmaculatus):1.022936040332111,((((Xmontezumae,(Xcortezi,((Xmalinche_CHIC2,Xbirchmanni_GARC):1.0895932005956794)#H26:0.0::0.8619215713723191):1.3236576591941636):0.6334996072660138,((Xnigrensis,(Xmultilineatus)#H27:::0.8821076868120621):2.2843248420759994,(#H27:::0.11789231318793787,(Xcontinens,Xpygmaeus):1.2571742816971494):0.7648900122466474):2.3374124802222767):0.9931844929698619,#H26:7.605338685839334::0.13807842862768097):1.5058774632845917)#H24:0.0016512660088359677::0.8315485965941156):0.7873454996293361,(Xclemenciae_F2,Xmonticolus):1.4499771574170808):1.9560432881238188):0.0)#H25:1.2346586115736762::0.5789928595040825):6.768805241792267); 
with -loglik 7512.060531625546
