optimization of topology, BL and inheritance probabilities using:
 hmax = 5,
 tolerance parameters: ftolRel=1.0e-6, ftolAbs=1.0e-6,
                       xtolAbs=0.001, xtolRel=0.01.
 max number of failed proposals = 75, liktolAbs = 1.0e-6.
rootname for files: net5_7
BEGIN: 1 runs on starting tree (Xmayae,((Xhellerii,(((((((((((Xgordoni,Xmeyeri):0.2503497914751533,Xcouchianus):3.5143166368487426,Xvariatus):0.6445944360537064,Xevelynae):0.4113658990914516,(Xxiphidium,#H24:5.262467132163245e-7::0.16816746656535694):1.3699787556284733):0.29194656618000037,Xmilleri):0.4679423183559616,Xandersi):0.6530709937282461,Xmaculatus):1.0254812089946383,((((Xmontezumae,(Xcortezi,((Xmalinche_CHIC2,Xbirchmanni_GARC):1.0805658683802386)#H26:0.0::0.8652558957282537):1.2852462212448634):0.6355801429124722,((Xcontinens,(Xpygmaeus,#H27:::0.04213539011675838):1.2279567731725056):2.0871431952461132,(Xnigrensis,(Xmultilineatus)#H27:::0.9578646098832416):1.7345346439397828):2.3420750778636994):1.0176187742045466,#H26:8.593130851108928::0.1347441042717463):1.4215052569879263)#H24:0.11134815801376252::0.831832533434643):0.7855905848434657,(Xclemenciae_F2,Xmonticolus):1.4539995041315041):1.688639355236414)#H25:1.7167114098272962::0.5598732308660994):0.7276810667457978,Xalvarezi):0.24908361375205645,(Xsignum,#H25:4.638013849279179::0.4401267691339006):3.2715480768342116);

main seed 52863
seed: 52863 for run 1
2017-07-17 9:1:40.288

 BEGIN SNaQ for run 1, seed 52863 and hmax 5
Begins heuristic optimization of network------

found best network, now we re-optimize branch lengths and gamma more precisely
STOPPED by number of failures criteria
END optTopLevel: found minimizer topology at step 177 (failures: 75) with -loglik=7000.27018 and ht_min=[0.16567,0.14162,0.12995,0.42705,0.00514,0.24888,3.81688,0.65007,0.40764,0.0,1.41454,0.29125,0.47185,0.64686,1.01889,1.08405,0.0,1.28159,0.62968,0.51294,1.49748,2.55799,2.33807,1.09891,8.66269,1.2097,0.38176,0.79084,1.45092,1.85162,0.33982,0.66599,0.26624,7.63726,6.73551,2.19284]
PERFORMANCE: total number of moves (proposed, successful, accepted) in general, and to fix gamma=0.0,t=0.0 cases
	--------moves general--------				 --------moves gamma,t------	
move	 Num.Proposed	 Num.Successful	 Num.Accepted	 | Num.Proposed	 Num.Successful	 Num.Accepted
add		 6		 5		 1	 |	 NA 		 NA 		 NA 
mvorigin	 42		 42		 2	 |	 0		 0		 --
mvtarget	 38		 30		 0	 |	 0		 0		 --
chdir		 34		 19		 0	 |	 0		 0		 --
delete		 0		 0		 0	 |	 0		 0		 --
nni		 57		 38		 0	 |	 0		 0		 --
Total		 177		 134		 3	 |	 0		 0		 0
Proportion	 -- 		 1.0		 0.0	 |	 -- 		 0.0		 0.0

 FINISHED SNaQ for run 1, -loglik of best 7000.270181269374
(Xmayae,((Xhellerii,(((((((((((Xgordoni,(Xmeyeri)#H28:::0.9948612266065265):0.24888483161185532,Xcouchianus):3.816881153925841,Xvariatus):0.6500716865986248,(Xevelynae,#H28:::0.005138773393473471):2.1928407711353612):0.40764125941885,(Xxiphidium,#H24:9.309363216871999e-7::0.16566793754386702):1.4145383711948873):0.29124651291583664,Xmilleri):0.47185168604558614,Xandersi):0.6468596876880143,Xmaculatus):1.0188945518314563,((((Xmontezumae,(Xcortezi,((Xmalinche_CHIC2,Xbirchmanni_GARC):1.0840477795034724)#H26:0.0::0.87005406431375):1.281590511602953):0.6296841119237473,((Xnigrensis,(Xmultilineatus)#H27:::0.858377932498067):2.5579871322082806,(#H27:::0.14162206750193296,(Xcontinens,Xpygmaeus):1.4974758099983816):0.5129396667206026):2.338071699766718):1.098910828840083,#H26:8.662691586435622::0.12994593568625007):1.2097038634219182)#H24:0.3817585649160972::0.834332062456133):0.790841780661628,(Xclemenciae_F2,Xmonticolus):1.450917179549112):1.851620161985127)#H25:0.33981512648512024::0.572947585284255):0.66598569209473,Xalvarezi):0.2662415377002475,(Xsignum,#H25:7.637260814550883::0.42705241471574495):6.73550728382741);
---------------------

2017-07-17 21:5:55.915
MaxNet is (Xmayae,((Xhellerii,(((((((((((Xgordoni,(Xmeyeri)#H28:::0.9948612266065265):0.24888483161185532,Xcouchianus):3.816881153925841,Xvariatus):0.6500716865986248,(Xevelynae,#H28:::0.005138773393473471):2.1928407711353612):0.40764125941885,(Xxiphidium,#H24:9.309363216871999e-7::0.16566793754386702):1.4145383711948873):0.29124651291583664,Xmilleri):0.47185168604558614,Xandersi):0.6468596876880143,Xmaculatus):1.0188945518314563,((((Xmontezumae,(Xcortezi,((Xmalinche_CHIC2,Xbirchmanni_GARC):1.0840477795034724)#H26:0.0::0.87005406431375):1.281590511602953):0.6296841119237473,((Xnigrensis,(Xmultilineatus)#H27:::0.858377932498067):2.5579871322082806,(#H27:::0.14162206750193296,(Xcontinens,Xpygmaeus):1.4974758099983816):0.5129396667206026):2.338071699766718):1.098910828840083,#H26:8.662691586435622::0.12994593568625007):1.2097038634219182)#H24:0.3817585649160972::0.834332062456133):0.790841780661628,(Xclemenciae_F2,Xmonticolus):1.450917179549112):1.851620161985127)#H25:0.33981512648512024::0.572947585284255):0.66598569209473,Xalvarezi):0.2662415377002475,(Xsignum,#H25:7.637260814550883::0.42705241471574495):6.73550728382741); 
with -loglik 7000.270181269374
