optimization of topology, BL and inheritance probabilities using:
 hmax = 5,
 tolerance parameters: ftolRel=1.0e-6, ftolAbs=1.0e-6,
                       xtolAbs=0.001, xtolRel=0.01.
 max number of failed proposals = 75, liktolAbs = 1.0e-6.
rootname for files: net5_9
BEGIN: 1 runs on starting tree (Xmayae,((Xhellerii,(((((((((((Xgordoni,Xmeyeri):0.2503497914751533,Xcouchianus):3.5143166368487426,Xvariatus):0.6445944360537064,Xevelynae):0.4113658990914516,(Xxiphidium,#H24:5.262467132163245e-7::0.16816746656535694):1.3699787556284733):0.29194656618000037,Xmilleri):0.4679423183559616,Xandersi):0.6530709937282461,Xmaculatus):1.0254812089946383,((((Xmontezumae,(Xcortezi,((Xmalinche_CHIC2,Xbirchmanni_GARC):1.0805658683802386)#H26:0.0::0.8652558957282537):1.2852462212448634):0.6355801429124722,((Xcontinens,(Xpygmaeus,#H27:::0.04213539011675838):1.2279567731725056):2.0871431952461132,(Xnigrensis,(Xmultilineatus)#H27:::0.9578646098832416):1.7345346439397828):2.3420750778636994):1.0176187742045466,#H26:8.593130851108928::0.1347441042717463):1.4215052569879263)#H24:0.11134815801376252::0.831832533434643):0.7855905848434657,(Xclemenciae_F2,Xmonticolus):1.4539995041315041):1.688639355236414)#H25:1.7167114098272962::0.5598732308660994):0.7276810667457978,Xalvarezi):0.24908361375205645,(Xsignum,#H25:4.638013849279179::0.4401267691339006):3.2715480768342116);

main seed 81271
seed: 81271 for run 1
2017-07-17 9:1:56.998

 BEGIN SNaQ for run 1, seed 81271 and hmax 5 changed starting topology by NNI move

 changed starting network by move origin
Begins heuristic optimization of network------

found best network, now we re-optimize branch lengths and gamma more precisely
STOPPED by number of failures criteria
END optTopLevel: found minimizer topology at step 654 (failures: 75) with -loglik=6985.25892 and ht_min=[0.16776,0.0825,0.13203,0.42425,0.01039,0.64195,4.14977,0.1403,0.41335,0.0,1.37666,0.29369,0.46882,0.64991,1.02293,1.08807,0.0,1.28546,0.63098,4.72812,1.31499,1.16113,1.40822,1.08729,9.59686,1.42309,0.00107,0.79031,1.45904,1.97553,0.02,0.65373,0.26371,0.69652,6.71882,0.00186,0.17852,0.40137]
PERFORMANCE: total number of moves (proposed, successful, accepted) in general, and to fix gamma=0.0,t=0.0 cases
	--------moves general--------				 --------moves gamma,t------	
move	 Num.Proposed	 Num.Successful	 Num.Accepted	 | Num.Proposed	 Num.Successful	 Num.Accepted
add		 4		 3		 1	 |	 NA 		 NA 		 NA 
mvorigin	 170		 170		 18	 |	 0		 0		 --
mvtarget	 162		 133		 8	 |	 0		 0		 --
chdir		 150		 79		 1	 |	 0		 0		 --
delete		 0		 0		 0	 |	 0		 0		 --
nni		 168		 115		 1	 |	 0		 0		 --
Total		 654		 500		 29	 |	 0		 0		 0
Proportion	 -- 		 1.0		 0.1	 |	 -- 		 0.0		 0.0

 FINISHED SNaQ for run 1, -loglik of best 6985.258920092643
(Xmayae,((Xhellerii,((((((((Xevelynae,(((Xcouchianus,((Xmeyeri,Xgordoni):0.14030378381160521)#H28:0.17851648853561766::0.9896089469881697):4.149765523164578,Xvariatus):0.0018577301628046935,#H28:0.4013742288415316::0.010391053011830326):0.6419544788570235):0.41335438140724085,(Xxiphidium,#H24:7.398543834918165e-7::0.16775801453933356):1.3766611990880804):0.2936928618470964,Xmilleri):0.4688198814708378,Xandersi):0.649908490388238,Xmaculatus):1.0229344714475106,((((Xmontezumae,(Xcortezi,((Xmalinche_CHIC2,Xbirchmanni_GARC):1.0880746180322212)#H26:0.0::0.8679693279120316):1.2854611318289433):0.630977333476039,(#H27:::0.08249670622615755,((Xnigrensis,Xmultilineatus):1.4082193987242828,(Xpygmaeus,(Xcontinens)#H27:::0.9175032937738424):4.728115624484252):1.1611281563786098):1.3149931559642796):1.087294997501621,#H26:9.596857305579949::0.13203067208796834):1.4230931651813934)#H24:0.0010707522884022742::0.8322419854606664):0.7903112113603831,(Xclemenciae_F2,Xmonticolus):1.4590381103459367):1.9755252194663686)#H25:0.020003748673817098::0.5757525230121641):0.6537346845292552,Xalvarezi):0.2637108209879381,(Xsignum,#H25:0.6965237334679187::0.4242474769878359):6.718817137714155);
---------------------

2017-07-19 9:50:5.894
MaxNet is (Xmayae,((Xhellerii,((((((((Xevelynae,(((Xcouchianus,((Xmeyeri,Xgordoni):0.14030378381160521)#H28:0.17851648853561766::0.9896089469881697):4.149765523164578,Xvariatus):0.0018577301628046935,#H28:0.4013742288415316::0.010391053011830326):0.6419544788570235):0.41335438140724085,(Xxiphidium,#H24:7.398543834918165e-7::0.16775801453933356):1.3766611990880804):0.2936928618470964,Xmilleri):0.4688198814708378,Xandersi):0.649908490388238,Xmaculatus):1.0229344714475106,((((Xmontezumae,(Xcortezi,((Xmalinche_CHIC2,Xbirchmanni_GARC):1.0880746180322212)#H26:0.0::0.8679693279120316):1.2854611318289433):0.630977333476039,(#H27:::0.08249670622615755,((Xnigrensis,Xmultilineatus):1.4082193987242828,(Xpygmaeus,(Xcontinens)#H27:::0.9175032937738424):4.728115624484252):1.1611281563786098):1.3149931559642796):1.087294997501621,#H26:9.596857305579949::0.13203067208796834):1.4230931651813934)#H24:0.0010707522884022742::0.8322419854606664):0.7903112113603831,(Xclemenciae_F2,Xmonticolus):1.4590381103459367):1.9755252194663686)#H25:0.020003748673817098::0.5757525230121641):0.6537346845292552,Xalvarezi):0.2637108209879381,(Xsignum,#H25:0.6965237334679187::0.4242474769878359):6.718817137714155); 
with -loglik 6985.258920092643
